2022-05-09 14:51:54.290  INFO 3124 --- [http-nio-8080-exec-1] o.a.c.c.C.[Tomcat].[localhost].[/]       : Initializing Spring DispatcherServlet 'dispatcherServlet'
2022-05-09 14:51:54.295  INFO 3124 --- [http-nio-8080-exec-1] o.s.web.servlet.DispatcherServlet        : Initializing Servlet 'dispatcherServlet'
2022-05-09 14:51:54.296  INFO 3124 --- [http-nio-8080-exec-1] o.s.web.servlet.DispatcherServlet        : Completed initialization in 1 ms
2022-05-09 14:51:54.298  WARN 3124 --- [http-nio-8080-exec-1] .w.s.m.s.DefaultHandlerExceptionResolver : Resolved [org.springframework.web.method.annotation.MethodArgumentTypeMismatchException: Failed to convert value of type 'java.lang.String' to required type 'java.lang.Integer'; nested exception is java.lang.NumberFormatException: For input string: "book"]
2022-05-09 14:51:54.804  WARN 3124 --- [http-nio-8080-exec-2] .w.s.m.s.DefaultHandlerExceptionResolver : Resolved [org.springframework.web.method.annotation.MethodArgumentTypeMismatchException: Failed to convert value of type 'java.lang.String' to required type 'java.lang.Integer'; nested exception is java.lang.NumberFormatException: For input string: "book"]
2022-05-09 14:51:55.004  WARN 3124 --- [http-nio-8080-exec-3] .w.s.m.s.DefaultHandlerExceptionResolver : Resolved [org.springframework.web.method.annotation.MethodArgumentTypeMismatchException: Failed to convert value of type 'java.lang.String' to required type 'java.lang.Integer'; nested exception is java.lang.NumberFormatException: For input string: "book"]
2022-05-09 14:51:55.228  WARN 3124 --- [http-nio-8080-exec-4] .w.s.m.s.DefaultHandlerExceptionResolver : Resolved [org.springframework.web.method.annotation.MethodArgumentTypeMismatchException: Failed to convert value of type 'java.lang.String' to required type 'java.lang.Integer'; nested exception is java.lang.NumberFormatException: For input string: "book"]
2022-05-09 14:52:54.259  INFO 3124 --- [Thread-7] com.alibaba.druid.pool.DruidDataSource   : {dataSource-2} closing ...
2022-05-09 14:52:54.260  INFO 3124 --- [Thread-7] com.alibaba.druid.pool.DruidDataSource   : {dataSource-2} closed
2022-05-09 14:52:54.331  INFO 3124 --- [restartedMain] mao.book_management.BookManagement       : Starting BookManagement using Java 16.0.2 on mao with PID 3124 (H:\程序\大三下期\spring_boot_vue和element_UI实现图书信息管理系统\target\classes started by mao in H:\程序\大三下期\spring_boot_vue和element_UI实现图书信息管理系统)
2022-05-09 14:52:54.332 DEBUG 3124 --- [restartedMain] mao.book_management.BookManagement       : Running with Spring Boot v2.6.7, Spring v5.3.19
2022-05-09 14:52:54.332  INFO 3124 --- [restartedMain] mao.book_management.BookManagement       : The following 1 profile is active: "dev"
2022-05-09 14:52:54.516  INFO 3124 --- [restartedMain] o.s.b.w.embedded.tomcat.TomcatWebServer  : Tomcat initialized with port(s): 8080 (http)
2022-05-09 14:52:54.516  INFO 3124 --- [restartedMain] o.apache.catalina.core.StandardService   : Starting service [Tomcat]
2022-05-09 14:52:54.516  INFO 3124 --- [restartedMain] org.apache.catalina.core.StandardEngine  : Starting Servlet engine: [Apache Tomcat/9.0.62]
2022-05-09 14:52:54.532  INFO 3124 --- [restartedMain] o.a.c.c.C.[Tomcat].[localhost].[/]       : Initializing Spring embedded WebApplicationContext
2022-05-09 14:52:54.532  INFO 3124 --- [restartedMain] w.s.c.ServletWebServerApplicationContext : Root WebApplicationContext: initialization completed in 198 ms
2022-05-09 14:52:54.548  INFO 3124 --- [restartedMain] c.a.d.s.b.a.DruidDataSourceAutoConfigure : Init DruidDataSource
2022-05-09 14:52:54.583  INFO 3124 --- [restartedMain] com.alibaba.druid.pool.DruidDataSource   : {dataSource-3} inited
2022-05-09 14:52:54.715  INFO 3124 --- [restartedMain] o.s.b.d.a.OptionalLiveReloadServer       : LiveReload server is running on port 35729
2022-05-09 14:52:54.729  INFO 3124 --- [restartedMain] o.s.b.w.embedded.tomcat.TomcatWebServer  : Tomcat started on port(s): 8080 (http) with context path ''
2022-05-09 14:52:54.733  INFO 3124 --- [restartedMain] mao.book_management.BookManagement       : Started BookManagement in 0.434 seconds (JVM running for 104.596)
2022-05-09 14:52:54.734  INFO 3124 --- [restartedMain] .ConditionEvaluationDeltaLoggingListener : Condition evaluation unchanged
2022-05-09 14:52:58.039  INFO 3124 --- [http-nio-8080-exec-1] o.a.c.c.C.[Tomcat].[localhost].[/]       : Initializing Spring DispatcherServlet 'dispatcherServlet'
2022-05-09 14:52:58.039  INFO 3124 --- [http-nio-8080-exec-1] o.s.web.servlet.DispatcherServlet        : Initializing Servlet 'dispatcherServlet'
2022-05-09 14:52:58.040  INFO 3124 --- [http-nio-8080-exec-1] o.s.web.servlet.DispatcherServlet        : Completed initialization in 0 ms
2022-05-09 14:52:58.042  WARN 3124 --- [http-nio-8080-exec-1] .w.s.m.s.DefaultHandlerExceptionResolver : Resolved [org.springframework.web.method.annotation.MethodArgumentTypeMismatchException: Failed to convert value of type 'java.lang.String' to required type 'java.lang.Integer'; nested exception is java.lang.NumberFormatException: For input string: "book"]
2022-05-09 14:52:58.621  WARN 3124 --- [http-nio-8080-exec-2] .w.s.m.s.DefaultHandlerExceptionResolver : Resolved [org.springframework.web.method.annotation.MethodArgumentTypeMismatchException: Failed to convert value of type 'java.lang.String' to required type 'java.lang.Integer'; nested exception is java.lang.NumberFormatException: For input string: "book"]
2022-05-09 14:52:59.544  WARN 3124 --- [http-nio-8080-exec-3] .w.s.m.s.DefaultHandlerExceptionResolver : Resolved [org.springframework.web.method.annotation.MethodArgumentTypeMismatchException: Failed to convert value of type 'java.lang.String' to required type 'java.lang.Integer'; nested exception is java.lang.NumberFormatException: For input string: "book"]
2022-05-09 14:53:01.292  WARN 3124 --- [http-nio-8080-exec-4] .w.s.m.s.DefaultHandlerExceptionResolver : Resolved [org.springframework.web.method.annotation.MethodArgumentTypeMismatchException: Failed to convert value of type 'java.lang.String' to required type 'java.lang.Integer'; nested exception is java.lang.NumberFormatException: For input string: "b"]
2022-05-09 14:53:09.183 DEBUG 3124 --- [http-nio-8080-exec-6] m.b.dao.BookDao.selectList               : ==>  Preparing: SELECT id,type,name,description FROM book
2022-05-09 14:53:09.183 DEBUG 3124 --- [http-nio-8080-exec-6] m.b.dao.BookDao.selectList               : ==> Parameters: 
2022-05-09 14:53:09.185 DEBUG 3124 --- [http-nio-8080-exec-6] m.b.dao.BookDao.selectList               : <==      Total: 4
2022-05-09 14:53:21.006  INFO 3124 --- [Thread-11] com.alibaba.druid.pool.DruidDataSource   : {dataSource-3} closing ...
2022-05-09 14:53:21.007  INFO 3124 --- [Thread-11] com.alibaba.druid.pool.DruidDataSource   : {dataSource-3} closed
2022-05-09 14:53:21.067  INFO 3124 --- [restartedMain] mao.book_management.BookManagement       : Starting BookManagement using Java 16.0.2 on mao with PID 3124 (H:\程序\大三下期\spring_boot_vue和element_UI实现图书信息管理系统\target\classes started by mao in H:\程序\大三下期\spring_boot_vue和element_UI实现图书信息管理系统)
2022-05-09 14:53:21.068 DEBUG 3124 --- [restartedMain] mao.book_management.BookManagement       : Running with Spring Boot v2.6.7, Spring v5.3.19
2022-05-09 14:53:21.068  INFO 3124 --- [restartedMain] mao.book_management.BookManagement       : The following 1 profile is active: "dev"
2022-05-09 14:53:21.231  INFO 3124 --- [restartedMain] o.s.b.w.embedded.tomcat.TomcatWebServer  : Tomcat initialized with port(s): 8080 (http)
2022-05-09 14:53:21.232  INFO 3124 --- [restartedMain] o.apache.catalina.core.StandardService   : Starting service [Tomcat]
2022-05-09 14:53:21.232  INFO 3124 --- [restartedMain] org.apache.catalina.core.StandardEngine  : Starting Servlet engine: [Apache Tomcat/9.0.62]
2022-05-09 14:53:21.247  INFO 3124 --- [restartedMain] o.a.c.c.C.[Tomcat].[localhost].[/]       : Initializing Spring embedded WebApplicationContext
2022-05-09 14:53:21.247  INFO 3124 --- [restartedMain] w.s.c.ServletWebServerApplicationContext : Root WebApplicationContext: initialization completed in 178 ms
2022-05-09 14:53:21.262  INFO 3124 --- [restartedMain] c.a.d.s.b.a.DruidDataSourceAutoConfigure : Init DruidDataSource
2022-05-09 14:53:21.293  INFO 3124 --- [restartedMain] com.alibaba.druid.pool.DruidDataSource   : {dataSource-4} inited
2022-05-09 14:53:21.409  INFO 3124 --- [restartedMain] o.s.b.d.a.OptionalLiveReloadServer       : LiveReload server is running on port 35729
2022-05-09 14:53:21.422  INFO 3124 --- [restartedMain] o.s.b.w.embedded.tomcat.TomcatWebServer  : Tomcat started on port(s): 8080 (http) with context path ''
2022-05-09 14:53:21.425  INFO 3124 --- [restartedMain] mao.book_management.BookManagement       : Started BookManagement in 0.388 seconds (JVM running for 131.289)
2022-05-09 14:53:21.426  INFO 3124 --- [restartedMain] .ConditionEvaluationDeltaLoggingListener : Condition evaluation unchanged
2022-05-09 14:53:26.353  INFO 3124 --- [http-nio-8080-exec-1] o.a.c.c.C.[Tomcat].[localhost].[/]       : Initializing Spring DispatcherServlet 'dispatcherServlet'
2022-05-09 14:53:26.353  INFO 3124 --- [http-nio-8080-exec-1] o.s.web.servlet.DispatcherServlet        : Initializing Servlet 'dispatcherServlet'
2022-05-09 14:53:26.353  INFO 3124 --- [http-nio-8080-exec-1] o.s.web.servlet.DispatcherServlet        : Completed initialization in 0 ms
2022-05-09 14:53:26.354  WARN 3124 --- [http-nio-8080-exec-1] .w.s.m.s.DefaultHandlerExceptionResolver : Resolved [org.springframework.web.HttpRequestMethodNotSupportedException: Request method 'GET' not supported]
2022-05-09 14:53:27.644  WARN 3124 --- [http-nio-8080-exec-2] .w.s.m.s.DefaultHandlerExceptionResolver : Resolved [org.springframework.web.HttpRequestMethodNotSupportedException: Request method 'GET' not supported]
2022-05-09 14:53:28.090  WARN 3124 --- [http-nio-8080-exec-3] .w.s.m.s.DefaultHandlerExceptionResolver : Resolved [org.springframework.web.HttpRequestMethodNotSupportedException: Request method 'GET' not supported]
2022-05-09 14:53:28.384  WARN 3124 --- [http-nio-8080-exec-4] .w.s.m.s.DefaultHandlerExceptionResolver : Resolved [org.springframework.web.HttpRequestMethodNotSupportedException: Request method 'GET' not supported]
2022-05-09 14:53:40.403 DEBUG 3124 --- [http-nio-8080-exec-5] m.b.dao.BookDao.selectList               : ==>  Preparing: SELECT id,type,name,description FROM book
2022-05-09 14:53:40.404 DEBUG 3124 --- [http-nio-8080-exec-5] m.b.dao.BookDao.selectList               : ==> Parameters: 
2022-05-09 14:53:40.405 DEBUG 3124 --- [http-nio-8080-exec-5] m.b.dao.BookDao.selectList               : <==      Total: 4
2022-05-09 14:54:38.147  INFO 3124 --- [Thread-15] com.alibaba.druid.pool.DruidDataSource   : {dataSource-4} closing ...
2022-05-09 14:54:38.148  INFO 3124 --- [Thread-15] com.alibaba.druid.pool.DruidDataSource   : {dataSource-4} closed
2022-05-09 14:54:38.224  INFO 3124 --- [restartedMain] mao.book_management.BookManagement       : Starting BookManagement using Java 16.0.2 on mao with PID 3124 (H:\程序\大三下期\spring_boot_vue和element_UI实现图书信息管理系统\target\classes started by mao in H:\程序\大三下期\spring_boot_vue和element_UI实现图书信息管理系统)
2022-05-09 14:54:38.224 DEBUG 3124 --- [restartedMain] mao.book_management.BookManagement       : Running with Spring Boot v2.6.7, Spring v5.3.19
2022-05-09 14:54:38.224  INFO 3124 --- [restartedMain] mao.book_management.BookManagement       : The following 1 profile is active: "dev"
2022-05-09 14:54:38.390  INFO 3124 --- [restartedMain] o.s.b.w.embedded.tomcat.TomcatWebServer  : Tomcat initialized with port(s): 8080 (http)
2022-05-09 14:54:38.391  INFO 3124 --- [restartedMain] o.apache.catalina.core.StandardService   : Starting service [Tomcat]
2022-05-09 14:54:38.391  INFO 3124 --- [restartedMain] org.apache.catalina.core.StandardEngine  : Starting Servlet engine: [Apache Tomcat/9.0.62]
2022-05-09 14:54:38.405  INFO 3124 --- [restartedMain] o.a.c.c.C.[Tomcat].[localhost].[/]       : Initializing Spring embedded WebApplicationContext
2022-05-09 14:54:38.406  INFO 3124 --- [restartedMain] w.s.c.ServletWebServerApplicationContext : Root WebApplicationContext: initialization completed in 180 ms
2022-05-09 14:54:38.420  INFO 3124 --- [restartedMain] c.a.d.s.b.a.DruidDataSourceAutoConfigure : Init DruidDataSource
2022-05-09 14:54:38.452  INFO 3124 --- [restartedMain] com.alibaba.druid.pool.DruidDataSource   : {dataSource-5} inited
2022-05-09 14:54:38.573  INFO 3124 --- [restartedMain] o.s.b.d.a.OptionalLiveReloadServer       : LiveReload server is running on port 35729
2022-05-09 14:54:38.588  INFO 3124 --- [restartedMain] o.s.b.w.embedded.tomcat.TomcatWebServer  : Tomcat started on port(s): 8080 (http) with context path ''
2022-05-09 14:54:38.592  INFO 3124 --- [restartedMain] mao.book_management.BookManagement       : Started BookManagement in 0.394 seconds (JVM running for 208.456)
2022-05-09 14:54:38.593  INFO 3124 --- [restartedMain] .ConditionEvaluationDeltaLoggingListener : Condition evaluation unchanged
2022-05-09 14:54:40.021  INFO 3124 --- [Thread-19] com.alibaba.druid.pool.DruidDataSource   : {dataSource-5} closing ...
2022-05-09 14:54:40.021  INFO 3124 --- [Thread-19] com.alibaba.druid.pool.DruidDataSource   : {dataSource-5} closed
2022-05-09 14:54:40.091  INFO 3124 --- [restartedMain] mao.book_management.BookManagement       : Starting BookManagement using Java 16.0.2 on mao with PID 3124 (H:\程序\大三下期\spring_boot_vue和element_UI实现图书信息管理系统\target\classes started by mao in H:\程序\大三下期\spring_boot_vue和element_UI实现图书信息管理系统)
2022-05-09 14:54:40.091 DEBUG 3124 --- [restartedMain] mao.book_management.BookManagement       : Running with Spring Boot v2.6.7, Spring v5.3.19
2022-05-09 14:54:40.092  INFO 3124 --- [restartedMain] mao.book_management.BookManagement       : The following 1 profile is active: "dev"
2022-05-09 14:54:40.235  INFO 3124 --- [restartedMain] o.s.b.w.embedded.tomcat.TomcatWebServer  : Tomcat initialized with port(s): 8080 (http)
2022-05-09 14:54:40.236  INFO 3124 --- [restartedMain] o.apache.catalina.core.StandardService   : Starting service [Tomcat]
2022-05-09 14:54:40.236  INFO 3124 --- [restartedMain] org.apache.catalina.core.StandardEngine  : Starting Servlet engine: [Apache Tomcat/9.0.62]
2022-05-09 14:54:40.255  INFO 3124 --- [restartedMain] o.a.c.c.C.[Tomcat].[localhost].[/]       : Initializing Spring embedded WebApplicationContext
2022-05-09 14:54:40.256  INFO 3124 --- [restartedMain] w.s.c.ServletWebServerApplicationContext : Root WebApplicationContext: initialization completed in 163 ms
2022-05-09 14:54:40.270  INFO 3124 --- [restartedMain] c.a.d.s.b.a.DruidDataSourceAutoConfigure : Init DruidDataSource
2022-05-09 14:54:40.300  INFO 3124 --- [restartedMain] com.alibaba.druid.pool.DruidDataSource   : {dataSource-6} inited
2022-05-09 14:54:40.405  INFO 3124 --- [restartedMain] o.s.b.d.a.OptionalLiveReloadServer       : LiveReload server is running on port 35729
2022-05-09 14:54:40.421  INFO 3124 --- [restartedMain] o.s.b.w.embedded.tomcat.TomcatWebServer  : Tomcat started on port(s): 8080 (http) with context path ''
2022-05-09 14:54:40.424  INFO 3124 --- [restartedMain] mao.book_management.BookManagement       : Started BookManagement in 0.356 seconds (JVM running for 210.288)
2022-05-09 14:54:40.425  INFO 3124 --- [restartedMain] .ConditionEvaluationDeltaLoggingListener : Condition evaluation unchanged
2022-05-09 14:54:44.258  INFO 3124 --- [http-nio-8080-exec-1] o.a.c.c.C.[Tomcat].[localhost].[/]       : Initializing Spring DispatcherServlet 'dispatcherServlet'
2022-05-09 14:54:44.258  INFO 3124 --- [http-nio-8080-exec-1] o.s.web.servlet.DispatcherServlet        : Initializing Servlet 'dispatcherServlet'
2022-05-09 14:54:44.258  INFO 3124 --- [http-nio-8080-exec-1] o.s.web.servlet.DispatcherServlet        : Completed initialization in 0 ms
2022-05-09 14:54:52.607 DEBUG 3124 --- [http-nio-8080-exec-4] m.b.dao.BookDao.selectList               : ==>  Preparing: SELECT id,type,name,description FROM book
2022-05-09 14:54:52.608 DEBUG 3124 --- [http-nio-8080-exec-4] m.b.dao.BookDao.selectList               : ==> Parameters: 
