2022-05-09 15:26:22.351 DEBUG 3124 --- [http-nio-8080-exec-4] m.b.dao.BookDao.selectPage_mpCount       : ==>  Preparing: SELECT COUNT(*) AS total FROM book
2022-05-09 15:26:22.352 DEBUG 3124 --- [http-nio-8080-exec-4] m.b.dao.BookDao.selectPage_mpCount       : ==> Parameters: 
2022-05-09 15:26:22.354 DEBUG 3124 --- [http-nio-8080-exec-4] m.b.dao.BookDao.selectPage_mpCount       : <==      Total: 1
2022-05-09 15:26:22.355 DEBUG 3124 --- [http-nio-8080-exec-4] m.b.dao.BookDao.selectPage               : ==>  Preparing: SELECT id,type,name,description FROM book LIMIT ?
2022-05-09 15:26:22.356 DEBUG 3124 --- [http-nio-8080-exec-4] m.b.dao.BookDao.selectPage               : ==> Parameters: 10(Long)
2022-05-09 15:26:22.357 DEBUG 3124 --- [http-nio-8080-exec-4] m.b.dao.BookDao.selectPage               : <==      Total: 5
2022-05-09 15:26:23.717 DEBUG 3124 --- [http-nio-8080-exec-10] m.b.controller.BookController            : 更新图书信息
2022-05-09 15:26:23.718 ERROR 3124 --- [http-nio-8080-exec-10] o.a.c.c.C.[.[.[/].[dispatcherServlet]    : Servlet.service() for servlet [dispatcherServlet] in context with path [] threw exception

java.io.IOException: null
	at mao.book_management.controller.BookController.update(BookController.java:82) ~[classes/:na]
	at java.base/jdk.internal.reflect.NativeMethodAccessorImpl.invoke0(Native Method) ~[na:na]
	at java.base/jdk.internal.reflect.NativeMethodAccessorImpl.invoke(NativeMethodAccessorImpl.java:78) ~[na:na]
	at java.base/jdk.internal.reflect.DelegatingMethodAccessorImpl.invoke(DelegatingMethodAccessorImpl.java:43) ~[na:na]
	at java.base/java.lang.reflect.Method.invoke(Method.java:567) ~[na:na]
	at org.springframework.web.method.support.InvocableHandlerMethod.doInvoke(InvocableHandlerMethod.java:205) ~[spring-web-5.3.19.jar:5.3.19]
	at org.springframework.web.method.support.InvocableHandlerMethod.invokeForRequest(InvocableHandlerMethod.java:150) ~[spring-web-5.3.19.jar:5.3.19]
	at org.springframework.web.servlet.mvc.method.annotation.ServletInvocableHandlerMethod.invokeAndHandle(ServletInvocableHandlerMethod.java:117) ~[spring-webmvc-5.3.19.jar:5.3.19]
	at org.springframework.web.servlet.mvc.method.annotation.RequestMappingHandlerAdapter.invokeHandlerMethod(RequestMappingHandlerAdapter.java:895) ~[spring-webmvc-5.3.19.jar:5.3.19]
	at org.springframework.web.servlet.mvc.method.annotation.RequestMappingHandlerAdapter.handleInternal(RequestMappingHandlerAdapter.java:808) ~[spring-webmvc-5.3.19.jar:5.3.19]
	at org.springframework.web.servlet.mvc.method.AbstractHandlerMethodAdapter.handle(AbstractHandlerMethodAdapter.java:87) ~[spring-webmvc-5.3.19.jar:5.3.19]
	at org.springframework.web.servlet.DispatcherServlet.doDispatch(DispatcherServlet.java:1067) ~[spring-webmvc-5.3.19.jar:5.3.19]
	at org.springframework.web.servlet.DispatcherServlet.doService(DispatcherServlet.java:963) ~[spring-webmvc-5.3.19.jar:5.3.19]
	at org.springframework.web.servlet.FrameworkServlet.processRequest(FrameworkServlet.java:1006) ~[spring-webmvc-5.3.19.jar:5.3.19]
	at org.springframework.web.servlet.FrameworkServlet.doPut(FrameworkServlet.java:920) ~[spring-webmvc-5.3.19.jar:5.3.19]
	at javax.servlet.http.HttpServlet.service(HttpServlet.java:684) ~[tomcat-embed-core-9.0.62.jar:4.0.FR]
	at org.springframework.web.servlet.FrameworkServlet.service(FrameworkServlet.java:883) ~[spring-webmvc-5.3.19.jar:5.3.19]
	at javax.servlet.http.HttpServlet.service(HttpServlet.java:764) ~[tomcat-embed-core-9.0.62.jar:4.0.FR]
	at org.apache.catalina.core.ApplicationFilterChain.internalDoFilter(ApplicationFilterChain.java:227) ~[tomcat-embed-core-9.0.62.jar:9.0.62]
	at org.apache.catalina.core.ApplicationFilterChain.doFilter(ApplicationFilterChain.java:162) ~[tomcat-embed-core-9.0.62.jar:9.0.62]
	at org.apache.tomcat.websocket.server.WsFilter.doFilter(WsFilter.java:53) ~[tomcat-embed-websocket-9.0.62.jar:9.0.62]
	at org.apache.catalina.core.ApplicationFilterChain.internalDoFilter(ApplicationFilterChain.java:189) ~[tomcat-embed-core-9.0.62.jar:9.0.62]
	at org.apache.catalina.core.ApplicationFilterChain.doFilter(ApplicationFilterChain.java:162) ~[tomcat-embed-core-9.0.62.jar:9.0.62]
	at org.springframework.web.filter.RequestContextFilter.doFilterInternal(RequestContextFilter.java:100) ~[spring-web-5.3.19.jar:5.3.19]
	at org.springframework.web.filter.OncePerRequestFilter.doFilter(OncePerRequestFilter.java:117) ~[spring-web-5.3.19.jar:5.3.19]
	at org.apache.catalina.core.ApplicationFilterChain.internalDoFilter(ApplicationFilterChain.java:189) ~[tomcat-embed-core-9.0.62.jar:9.0.62]
	at org.apache.catalina.core.ApplicationFilterChain.doFilter(ApplicationFilterChain.java:162) ~[tomcat-embed-core-9.0.62.jar:9.0.62]
	at org.springframework.web.filter.FormContentFilter.doFilterInternal(FormContentFilter.java:93) ~[spring-web-5.3.19.jar:5.3.19]
	at org.springframework.web.filter.OncePerRequestFilter.doFilter(OncePerRequestFilter.java:117) ~[spring-web-5.3.19.jar:5.3.19]
	at org.apache.catalina.core.ApplicationFilterChain.internalDoFilter(ApplicationFilterChain.java:189) ~[tomcat-embed-core-9.0.62.jar:9.0.62]
	at org.apache.catalina.core.ApplicationFilterChain.doFilter(ApplicationFilterChain.java:162) ~[tomcat-embed-core-9.0.62.jar:9.0.62]
	at org.springframework.web.filter.CharacterEncodingFilter.doFilterInternal(CharacterEncodingFilter.java:201) ~[spring-web-5.3.19.jar:5.3.19]
	at org.springframework.web.filter.OncePerRequestFilter.doFilter(OncePerRequestFilter.java:117) ~[spring-web-5.3.19.jar:5.3.19]
	at org.apache.catalina.core.ApplicationFilterChain.internalDoFilter(ApplicationFilterChain.java:189) ~[tomcat-embed-core-9.0.62.jar:9.0.62]
	at org.apache.catalina.core.ApplicationFilterChain.doFilter(ApplicationFilterChain.java:162) ~[tomcat-embed-core-9.0.62.jar:9.0.62]
	at org.apache.catalina.core.StandardWrapperValve.invoke(StandardWrapperValve.java:197) ~[tomcat-embed-core-9.0.62.jar:9.0.62]
	at org.apache.catalina.core.StandardContextValve.invoke(StandardContextValve.java:97) ~[tomcat-embed-core-9.0.62.jar:9.0.62]
	at org.apache.catalina.authenticator.AuthenticatorBase.invoke(AuthenticatorBase.java:541) ~[tomcat-embed-core-9.0.62.jar:9.0.62]
	at org.apache.catalina.core.StandardHostValve.invoke(StandardHostValve.java:135) ~[tomcat-embed-core-9.0.62.jar:9.0.62]
	at org.apache.catalina.valves.ErrorReportValve.invoke(ErrorReportValve.java:92) ~[tomcat-embed-core-9.0.62.jar:9.0.62]
	at org.apache.catalina.core.StandardEngineValve.invoke(StandardEngineValve.java:78) ~[tomcat-embed-core-9.0.62.jar:9.0.62]
	at org.apache.catalina.connector.CoyoteAdapter.service(CoyoteAdapter.java:360) ~[tomcat-embed-core-9.0.62.jar:9.0.62]
	at org.apache.coyote.http11.Http11Processor.service(Http11Processor.java:399) ~[tomcat-embed-core-9.0.62.jar:9.0.62]
	at org.apache.coyote.AbstractProcessorLight.process(AbstractProcessorLight.java:65) ~[tomcat-embed-core-9.0.62.jar:9.0.62]
	at org.apache.coyote.AbstractProtocol$ConnectionHandler.process(AbstractProtocol.java:890) ~[tomcat-embed-core-9.0.62.jar:9.0.62]
	at org.apache.tomcat.util.net.NioEndpoint$SocketProcessor.doRun(NioEndpoint.java:1743) ~[tomcat-embed-core-9.0.62.jar:9.0.62]
	at org.apache.tomcat.util.net.SocketProcessorBase.run(SocketProcessorBase.java:49) ~[tomcat-embed-core-9.0.62.jar:9.0.62]
	at org.apache.tomcat.util.threads.ThreadPoolExecutor.runWorker(ThreadPoolExecutor.java:1191) ~[tomcat-embed-core-9.0.62.jar:9.0.62]
	at org.apache.tomcat.util.threads.ThreadPoolExecutor$Worker.run(ThreadPoolExecutor.java:659) ~[tomcat-embed-core-9.0.62.jar:9.0.62]
	at org.apache.tomcat.util.threads.TaskThread$WrappingRunnable.run(TaskThread.java:61) ~[tomcat-embed-core-9.0.62.jar:9.0.62]
	at java.base/java.lang.Thread.run(Thread.java:831) ~[na:na]

2022-05-09 15:26:23.726 DEBUG 3124 --- [http-nio-8080-exec-3] m.b.controller.BookController            : 查询，查询参数：id：null
type：
name：
description：

2022-05-09 15:26:23.727 DEBUG 3124 --- [http-nio-8080-exec-3] m.b.dao.BookDao.selectPage_mpCount       : ==>  Preparing: SELECT COUNT(*) AS total FROM book
2022-05-09 15:26:23.727 DEBUG 3124 --- [http-nio-8080-exec-3] m.b.dao.BookDao.selectPage_mpCount       : ==> Parameters: 
2022-05-09 15:26:23.728 DEBUG 3124 --- [http-nio-8080-exec-3] m.b.dao.BookDao.selectPage_mpCount       : <==      Total: 1
2022-05-09 15:26:23.729 DEBUG 3124 --- [http-nio-8080-exec-3] m.b.dao.BookDao.selectPage               : ==>  Preparing: SELECT id,type,name,description FROM book LIMIT ?
2022-05-09 15:26:23.729 DEBUG 3124 --- [http-nio-8080-exec-3] m.b.dao.BookDao.selectPage               : ==> Parameters: 10(Long)
2022-05-09 15:26:23.730 DEBUG 3124 --- [http-nio-8080-exec-3] m.b.dao.BookDao.selectPage               : <==      Total: 5
2022-05-09 15:26:26.347 DEBUG 3124 --- [http-nio-8080-exec-6] m.b.controller.BookController            : 更新图书信息
2022-05-09 15:26:26.348 DEBUG 3124 --- [http-nio-8080-exec-6] m.b.dao.BookDao.updateById               : ==>  Preparing: UPDATE book SET type=?, name=?, description=? WHERE id=?
2022-05-09 15:26:26.348 DEBUG 3124 --- [http-nio-8080-exec-6] m.b.dao.BookDao.updateById               : ==> Parameters: 1(String), 1234(String), 2(String), 6(Integer)
2022-05-09 15:26:26.352 DEBUG 3124 --- [http-nio-8080-exec-6] m.b.dao.BookDao.updateById               : <==    Updates: 1
2022-05-09 15:26:26.365 DEBUG 3124 --- [http-nio-8080-exec-1] m.b.controller.BookController            : 查询，查询参数：id：null
type：
name：
description：

2022-05-09 15:26:26.366 DEBUG 3124 --- [http-nio-8080-exec-1] m.b.dao.BookDao.selectPage_mpCount       : ==>  Preparing: SELECT COUNT(*) AS total FROM book
2022-05-09 15:26:26.366 DEBUG 3124 --- [http-nio-8080-exec-1] m.b.dao.BookDao.selectPage_mpCount       : ==> Parameters: 
2022-05-09 15:26:26.368 DEBUG 3124 --- [http-nio-8080-exec-1] m.b.dao.BookDao.selectPage_mpCount       : <==      Total: 1
2022-05-09 15:26:26.368 DEBUG 3124 --- [http-nio-8080-exec-1] m.b.dao.BookDao.selectPage               : ==>  Preparing: SELECT id,type,name,description FROM book LIMIT ?
2022-05-09 15:26:26.369 DEBUG 3124 --- [http-nio-8080-exec-1] m.b.dao.BookDao.selectPage               : ==> Parameters: 10(Long)
2022-05-09 15:26:26.369 DEBUG 3124 --- [http-nio-8080-exec-1] m.b.dao.BookDao.selectPage               : <==      Total: 5
2022-05-09 15:26:37.347 DEBUG 3124 --- [http-nio-8080-exec-5] m.b.controller.BookController            : 保存图书
2022-05-09 15:26:37.347 DEBUG 3124 --- [http-nio-8080-exec-5] mao.book_management.dao.BookDao.insert   : ==>  Preparing: INSERT INTO book ( type, name, description ) VALUES ( ?, ?, ? )
2022-05-09 15:26:37.348 DEBUG 3124 --- [http-nio-8080-exec-5] mao.book_management.dao.BookDao.insert   : ==> Parameters: 12(String), 1212(String), 1212(String)
2022-05-09 15:26:37.351 DEBUG 3124 --- [http-nio-8080-exec-5] mao.book_management.dao.BookDao.insert   : <==    Updates: 1
2022-05-09 15:26:37.365 DEBUG 3124 --- [http-nio-8080-exec-7] m.b.controller.BookController            : 查询，查询参数：id：null
type：
name：
description：

2022-05-09 15:26:37.366 DEBUG 3124 --- [http-nio-8080-exec-7] m.b.dao.BookDao.selectPage_mpCount       : ==>  Preparing: SELECT COUNT(*) AS total FROM book
2022-05-09 15:26:37.366 DEBUG 3124 --- [http-nio-8080-exec-7] m.b.dao.BookDao.selectPage_mpCount       : ==> Parameters: 
2022-05-09 15:26:37.368 DEBUG 3124 --- [http-nio-8080-exec-7] m.b.dao.BookDao.selectPage_mpCount       : <==      Total: 1
2022-05-09 15:26:37.368 DEBUG 3124 --- [http-nio-8080-exec-7] m.b.dao.BookDao.selectPage               : ==>  Preparing: SELECT id,type,name,description FROM book LIMIT ?
2022-05-09 15:26:37.369 DEBUG 3124 --- [http-nio-8080-exec-7] m.b.dao.BookDao.selectPage               : ==> Parameters: 10(Long)
2022-05-09 15:26:37.369 DEBUG 3124 --- [http-nio-8080-exec-7] m.b.dao.BookDao.selectPage               : <==      Total: 6
2022-05-09 15:26:38.252 DEBUG 3124 --- [http-nio-8080-exec-2] m.b.controller.HTMLPageController        : IP：64.62.197.32 访问静态资源books.html
2022-05-09 15:26:41.453 DEBUG 3124 --- [http-nio-8080-exec-8] m.b.controller.BookController            : 保存图书
2022-05-09 15:26:41.453 DEBUG 3124 --- [http-nio-8080-exec-8] mao.book_management.dao.BookDao.insert   : ==>  Preparing: INSERT INTO book ( type, name, description ) VALUES ( ?, ?, ? )
2022-05-09 15:26:41.454 DEBUG 3124 --- [http-nio-8080-exec-8] mao.book_management.dao.BookDao.insert   : ==> Parameters: 12121(String), 212(String), 1212(String)
2022-05-09 15:26:41.457 DEBUG 3124 --- [http-nio-8080-exec-8] mao.book_management.dao.BookDao.insert   : <==    Updates: 1
2022-05-09 15:26:41.469 DEBUG 3124 --- [http-nio-8080-exec-4] m.b.controller.BookController            : 查询，查询参数：id：null
type：
name：
description：

2022-05-09 15:26:41.470 DEBUG 3124 --- [http-nio-8080-exec-4] m.b.dao.BookDao.selectPage_mpCount       : ==>  Preparing: SELECT COUNT(*) AS total FROM book
2022-05-09 15:26:41.470 DEBUG 3124 --- [http-nio-8080-exec-4] m.b.dao.BookDao.selectPage_mpCount       : ==> Parameters: 
2022-05-09 15:26:41.471 DEBUG 3124 --- [http-nio-8080-exec-4] m.b.dao.BookDao.selectPage_mpCount       : <==      Total: 1
2022-05-09 15:26:41.472 DEBUG 3124 --- [http-nio-8080-exec-4] m.b.dao.BookDao.selectPage               : ==>  Preparing: SELECT id,type,name,description FROM book LIMIT ?
2022-05-09 15:26:41.472 DEBUG 3124 --- [http-nio-8080-exec-4] m.b.dao.BookDao.selectPage               : ==> Parameters: 10(Long)
2022-05-09 15:26:41.473 DEBUG 3124 --- [http-nio-8080-exec-4] m.b.dao.BookDao.selectPage               : <==      Total: 7
2022-05-09 15:26:46.264 DEBUG 3124 --- [http-nio-8080-exec-10] m.b.controller.BookController            : 保存图书
2022-05-09 15:26:46.264 DEBUG 3124 --- [http-nio-8080-exec-10] mao.book_management.dao.BookDao.insert   : ==>  Preparing: INSERT INTO book ( type, name, description ) VALUES ( ?, ?, ? )
2022-05-09 15:26:46.264 DEBUG 3124 --- [http-nio-8080-exec-10] mao.book_management.dao.BookDao.insert   : ==> Parameters: 1212(String), 12(String), 12121(String)
2022-05-09 15:26:46.267 DEBUG 3124 --- [http-nio-8080-exec-10] mao.book_management.dao.BookDao.insert   : <==    Updates: 1
2022-05-09 15:26:46.283 DEBUG 3124 --- [http-nio-8080-exec-3] m.b.controller.BookController            : 查询，查询参数：id：null
type：
name：
description：

2022-05-09 15:26:46.284 DEBUG 3124 --- [http-nio-8080-exec-3] m.b.dao.BookDao.selectPage_mpCount       : ==>  Preparing: SELECT COUNT(*) AS total FROM book
2022-05-09 15:26:46.285 DEBUG 3124 --- [http-nio-8080-exec-3] m.b.dao.BookDao.selectPage_mpCount       : ==> Parameters: 
2022-05-09 15:26:46.286 DEBUG 3124 --- [http-nio-8080-exec-3] m.b.dao.BookDao.selectPage_mpCount       : <==      Total: 1
2022-05-09 15:26:46.287 DEBUG 3124 --- [http-nio-8080-exec-3] m.b.dao.BookDao.selectPage               : ==>  Preparing: SELECT id,type,name,description FROM book LIMIT ?
2022-05-09 15:26:46.287 DEBUG 3124 --- [http-nio-8080-exec-3] m.b.dao.BookDao.selectPage               : ==> Parameters: 10(Long)
2022-05-09 15:26:46.288 DEBUG 3124 --- [http-nio-8080-exec-3] m.b.dao.BookDao.selectPage               : <==      Total: 8
2022-05-09 15:26:50.634 DEBUG 3124 --- [http-nio-8080-exec-6] m.b.controller.BookController            : 保存图书
2022-05-09 15:26:50.635 DEBUG 3124 --- [http-nio-8080-exec-6] mao.book_management.dao.BookDao.insert   : ==>  Preparing: INSERT INTO book ( type, name, description ) VALUES ( ?, ?, ? )
2022-05-09 15:26:50.635 DEBUG 3124 --- [http-nio-8080-exec-6] mao.book_management.dao.BookDao.insert   : ==> Parameters: 12(String), 131243(String), 2134124(String)
2022-05-09 15:26:50.638 DEBUG 3124 --- [http-nio-8080-exec-6] mao.book_management.dao.BookDao.insert   : <==    Updates: 1
2022-05-09 15:26:50.651 DEBUG 3124 --- [http-nio-8080-exec-1] m.b.controller.BookController            : 查询，查询参数：id：null
type：
name：
description：

2022-05-09 15:26:50.651 DEBUG 3124 --- [http-nio-8080-exec-1] m.b.dao.BookDao.selectPage_mpCount       : ==>  Preparing: SELECT COUNT(*) AS total FROM book
2022-05-09 15:26:50.652 DEBUG 3124 --- [http-nio-8080-exec-1] m.b.dao.BookDao.selectPage_mpCount       : ==> Parameters: 
2022-05-09 15:26:50.653 DEBUG 3124 --- [http-nio-8080-exec-1] m.b.dao.BookDao.selectPage_mpCount       : <==      Total: 1
2022-05-09 15:26:50.654 DEBUG 3124 --- [http-nio-8080-exec-1] m.b.dao.BookDao.selectPage               : ==>  Preparing: SELECT id,type,name,description FROM book LIMIT ?
2022-05-09 15:26:50.654 DEBUG 3124 --- [http-nio-8080-exec-1] m.b.dao.BookDao.selectPage               : ==> Parameters: 10(Long)
2022-05-09 15:26:50.655 DEBUG 3124 --- [http-nio-8080-exec-1] m.b.dao.BookDao.selectPage               : <==      Total: 9
