2022-05-09 15:36:57.395 DEBUG 3124 --- [http-nio-8080-exec-2] m.b.controller.BookController            : 查询，查询参数：id：null
type：
name：
description：

2022-05-09 15:36:57.397 DEBUG 3124 --- [http-nio-8080-exec-2] m.b.dao.BookDao.selectPage_mpCount       : ==>  Preparing: SELECT COUNT(*) AS total FROM book
2022-05-09 15:36:57.397 DEBUG 3124 --- [http-nio-8080-exec-2] m.b.dao.BookDao.selectPage_mpCount       : ==> Parameters: 
2022-05-09 15:36:57.399 DEBUG 3124 --- [http-nio-8080-exec-2] m.b.dao.BookDao.selectPage_mpCount       : <==      Total: 1
2022-05-09 15:36:57.399 DEBUG 3124 --- [http-nio-8080-exec-2] m.b.dao.BookDao.selectPage               : ==>  Preparing: SELECT id,type,name,description FROM book LIMIT ?
2022-05-09 15:36:57.400 DEBUG 3124 --- [http-nio-8080-exec-2] m.b.dao.BookDao.selectPage               : ==> Parameters: 10(Long)
2022-05-09 15:36:57.400 DEBUG 3124 --- [http-nio-8080-exec-2] m.b.dao.BookDao.selectPage               : <==      Total: 10
2022-05-09 15:36:57.575 DEBUG 3124 --- [http-nio-8080-exec-1] m.b.controller.BookController            : 查询，查询参数：id：null
type：
name：
description：

2022-05-09 15:36:57.576 DEBUG 3124 --- [http-nio-8080-exec-1] m.b.dao.BookDao.selectPage_mpCount       : ==>  Preparing: SELECT COUNT(*) AS total FROM book
2022-05-09 15:36:57.576 DEBUG 3124 --- [http-nio-8080-exec-1] m.b.dao.BookDao.selectPage_mpCount       : ==> Parameters: 
2022-05-09 15:36:57.577 DEBUG 3124 --- [http-nio-8080-exec-1] m.b.dao.BookDao.selectPage_mpCount       : <==      Total: 1
2022-05-09 15:36:57.577 DEBUG 3124 --- [http-nio-8080-exec-1] m.b.dao.BookDao.selectPage               : ==>  Preparing: SELECT id,type,name,description FROM book LIMIT ?
2022-05-09 15:36:57.577 DEBUG 3124 --- [http-nio-8080-exec-1] m.b.dao.BookDao.selectPage               : ==> Parameters: 10(Long)
2022-05-09 15:36:57.578 DEBUG 3124 --- [http-nio-8080-exec-1] m.b.dao.BookDao.selectPage               : <==      Total: 10
2022-05-09 15:36:57.803 DEBUG 3124 --- [http-nio-8080-exec-7] m.b.controller.BookController            : 查询，查询参数：id：null
type：
name：
description：

2022-05-09 15:36:57.803 DEBUG 3124 --- [http-nio-8080-exec-7] m.b.dao.BookDao.selectPage_mpCount       : ==>  Preparing: SELECT COUNT(*) AS total FROM book
2022-05-09 15:36:57.803 DEBUG 3124 --- [http-nio-8080-exec-7] m.b.dao.BookDao.selectPage_mpCount       : ==> Parameters: 
2022-05-09 15:36:57.805 DEBUG 3124 --- [http-nio-8080-exec-7] m.b.dao.BookDao.selectPage_mpCount       : <==      Total: 1
2022-05-09 15:36:57.805 DEBUG 3124 --- [http-nio-8080-exec-7] m.b.dao.BookDao.selectPage               : ==>  Preparing: SELECT id,type,name,description FROM book LIMIT ?
2022-05-09 15:36:57.805 DEBUG 3124 --- [http-nio-8080-exec-7] m.b.dao.BookDao.selectPage               : ==> Parameters: 10(Long)
2022-05-09 15:36:57.806 DEBUG 3124 --- [http-nio-8080-exec-7] m.b.dao.BookDao.selectPage               : <==      Total: 10
2022-05-09 15:36:58.005 DEBUG 3124 --- [http-nio-8080-exec-5] m.b.controller.BookController            : 查询，查询参数：id：null
type：
name：
description：

2022-05-09 15:36:58.005 DEBUG 3124 --- [http-nio-8080-exec-5] m.b.dao.BookDao.selectPage_mpCount       : ==>  Preparing: SELECT COUNT(*) AS total FROM book
2022-05-09 15:36:58.005 DEBUG 3124 --- [http-nio-8080-exec-5] m.b.dao.BookDao.selectPage_mpCount       : ==> Parameters: 
2022-05-09 15:36:58.007 DEBUG 3124 --- [http-nio-8080-exec-5] m.b.dao.BookDao.selectPage_mpCount       : <==      Total: 1
2022-05-09 15:36:58.007 DEBUG 3124 --- [http-nio-8080-exec-5] m.b.dao.BookDao.selectPage               : ==>  Preparing: SELECT id,type,name,description FROM book LIMIT ?
2022-05-09 15:36:58.007 DEBUG 3124 --- [http-nio-8080-exec-5] m.b.dao.BookDao.selectPage               : ==> Parameters: 10(Long)
2022-05-09 15:36:58.008 DEBUG 3124 --- [http-nio-8080-exec-5] m.b.dao.BookDao.selectPage               : <==      Total: 10
2022-05-09 15:36:58.194 DEBUG 3124 --- [http-nio-8080-exec-9] m.b.controller.BookController            : 查询，查询参数：id：null
type：
name：
description：

2022-05-09 15:36:58.195 DEBUG 3124 --- [http-nio-8080-exec-9] m.b.dao.BookDao.selectPage_mpCount       : ==>  Preparing: SELECT COUNT(*) AS total FROM book
2022-05-09 15:36:58.195 DEBUG 3124 --- [http-nio-8080-exec-9] m.b.dao.BookDao.selectPage_mpCount       : ==> Parameters: 
2022-05-09 15:36:58.196 DEBUG 3124 --- [http-nio-8080-exec-9] m.b.dao.BookDao.selectPage_mpCount       : <==      Total: 1
2022-05-09 15:36:58.197 DEBUG 3124 --- [http-nio-8080-exec-9] m.b.dao.BookDao.selectPage               : ==>  Preparing: SELECT id,type,name,description FROM book LIMIT ?
2022-05-09 15:36:58.197 DEBUG 3124 --- [http-nio-8080-exec-9] m.b.dao.BookDao.selectPage               : ==> Parameters: 10(Long)
2022-05-09 15:36:58.197 DEBUG 3124 --- [http-nio-8080-exec-9] m.b.dao.BookDao.selectPage               : <==      Total: 10
2022-05-09 15:36:58.379 DEBUG 3124 --- [http-nio-8080-exec-6] m.b.controller.BookController            : 查询，查询参数：id：null
type：
name：
description：

2022-05-09 15:36:58.379 DEBUG 3124 --- [http-nio-8080-exec-6] m.b.dao.BookDao.selectPage_mpCount       : ==>  Preparing: SELECT COUNT(*) AS total FROM book
2022-05-09 15:36:58.380 DEBUG 3124 --- [http-nio-8080-exec-6] m.b.dao.BookDao.selectPage_mpCount       : ==> Parameters: 
2022-05-09 15:36:58.381 DEBUG 3124 --- [http-nio-8080-exec-6] m.b.dao.BookDao.selectPage_mpCount       : <==      Total: 1
2022-05-09 15:36:58.381 DEBUG 3124 --- [http-nio-8080-exec-6] m.b.dao.BookDao.selectPage               : ==>  Preparing: SELECT id,type,name,description FROM book LIMIT ?
2022-05-09 15:36:58.381 DEBUG 3124 --- [http-nio-8080-exec-6] m.b.dao.BookDao.selectPage               : ==> Parameters: 10(Long)
2022-05-09 15:36:58.382 DEBUG 3124 --- [http-nio-8080-exec-6] m.b.dao.BookDao.selectPage               : <==      Total: 10
2022-05-09 15:36:58.561 DEBUG 3124 --- [http-nio-8080-exec-3] m.b.controller.BookController            : 查询，查询参数：id：null
type：
name：
description：

2022-05-09 15:36:58.562 DEBUG 3124 --- [http-nio-8080-exec-3] m.b.dao.BookDao.selectPage_mpCount       : ==>  Preparing: SELECT COUNT(*) AS total FROM book
2022-05-09 15:36:58.562 DEBUG 3124 --- [http-nio-8080-exec-3] m.b.dao.BookDao.selectPage_mpCount       : ==> Parameters: 
2022-05-09 15:36:58.563 DEBUG 3124 --- [http-nio-8080-exec-3] m.b.dao.BookDao.selectPage_mpCount       : <==      Total: 1
2022-05-09 15:36:58.563 DEBUG 3124 --- [http-nio-8080-exec-3] m.b.dao.BookDao.selectPage               : ==>  Preparing: SELECT id,type,name,description FROM book LIMIT ?
2022-05-09 15:36:58.563 DEBUG 3124 --- [http-nio-8080-exec-3] m.b.dao.BookDao.selectPage               : ==> Parameters: 10(Long)
2022-05-09 15:36:58.564 DEBUG 3124 --- [http-nio-8080-exec-3] m.b.dao.BookDao.selectPage               : <==      Total: 10
2022-05-09 15:36:58.774 DEBUG 3124 --- [http-nio-8080-exec-10] m.b.controller.BookController            : 查询，查询参数：id：null
type：
name：
description：

2022-05-09 15:36:58.775 DEBUG 3124 --- [http-nio-8080-exec-10] m.b.dao.BookDao.selectPage_mpCount       : ==>  Preparing: SELECT COUNT(*) AS total FROM book
2022-05-09 15:36:58.775 DEBUG 3124 --- [http-nio-8080-exec-10] m.b.dao.BookDao.selectPage_mpCount       : ==> Parameters: 
2022-05-09 15:36:58.776 DEBUG 3124 --- [http-nio-8080-exec-10] m.b.dao.BookDao.selectPage_mpCount       : <==      Total: 1
2022-05-09 15:36:58.776 DEBUG 3124 --- [http-nio-8080-exec-10] m.b.dao.BookDao.selectPage               : ==>  Preparing: SELECT id,type,name,description FROM book LIMIT ?
2022-05-09 15:36:58.776 DEBUG 3124 --- [http-nio-8080-exec-10] m.b.dao.BookDao.selectPage               : ==> Parameters: 10(Long)
2022-05-09 15:36:58.777 DEBUG 3124 --- [http-nio-8080-exec-10] m.b.dao.BookDao.selectPage               : <==      Total: 10
2022-05-09 15:36:59.010 DEBUG 3124 --- [http-nio-8080-exec-8] m.b.controller.BookController            : 查询，查询参数：id：null
type：
name：
description：

2022-05-09 15:36:59.011 DEBUG 3124 --- [http-nio-8080-exec-8] m.b.dao.BookDao.selectPage_mpCount       : ==>  Preparing: SELECT COUNT(*) AS total FROM book
2022-05-09 15:36:59.011 DEBUG 3124 --- [http-nio-8080-exec-8] m.b.dao.BookDao.selectPage_mpCount       : ==> Parameters: 
2022-05-09 15:36:59.012 DEBUG 3124 --- [http-nio-8080-exec-8] m.b.dao.BookDao.selectPage_mpCount       : <==      Total: 1
2022-05-09 15:36:59.013 DEBUG 3124 --- [http-nio-8080-exec-8] m.b.dao.BookDao.selectPage               : ==>  Preparing: SELECT id,type,name,description FROM book LIMIT ?
2022-05-09 15:36:59.013 DEBUG 3124 --- [http-nio-8080-exec-8] m.b.dao.BookDao.selectPage               : ==> Parameters: 10(Long)
2022-05-09 15:36:59.013 DEBUG 3124 --- [http-nio-8080-exec-8] m.b.dao.BookDao.selectPage               : <==      Total: 10
2022-05-09 15:37:00.505 DEBUG 3124 --- [http-nio-8080-exec-4] m.b.controller.BookController            : 查询，查询参数：id：null
type：
name：
description：

2022-05-09 15:37:00.506 DEBUG 3124 --- [http-nio-8080-exec-4] m.b.dao.BookDao.selectPage_mpCount       : ==>  Preparing: SELECT COUNT(*) AS total FROM book
2022-05-09 15:37:00.506 DEBUG 3124 --- [http-nio-8080-exec-4] m.b.dao.BookDao.selectPage_mpCount       : ==> Parameters: 
2022-05-09 15:37:00.507 DEBUG 3124 --- [http-nio-8080-exec-4] m.b.dao.BookDao.selectPage_mpCount       : <==      Total: 1
2022-05-09 15:37:00.508 DEBUG 3124 --- [http-nio-8080-exec-4] m.b.dao.BookDao.selectPage               : ==>  Preparing: SELECT id,type,name,description FROM book LIMIT ?
2022-05-09 15:37:00.508 DEBUG 3124 --- [http-nio-8080-exec-4] m.b.dao.BookDao.selectPage               : ==> Parameters: 10(Long)
2022-05-09 15:37:00.508 DEBUG 3124 --- [http-nio-8080-exec-4] m.b.dao.BookDao.selectPage               : <==      Total: 10
2022-05-09 15:37:00.679 DEBUG 3124 --- [http-nio-8080-exec-2] m.b.controller.BookController            : 查询，查询参数：id：null
type：
name：
description：

2022-05-09 15:37:00.680 DEBUG 3124 --- [http-nio-8080-exec-2] m.b.dao.BookDao.selectPage_mpCount       : ==>  Preparing: SELECT COUNT(*) AS total FROM book
2022-05-09 15:37:00.680 DEBUG 3124 --- [http-nio-8080-exec-2] m.b.dao.BookDao.selectPage_mpCount       : ==> Parameters: 
2022-05-09 15:37:00.682 DEBUG 3124 --- [http-nio-8080-exec-2] m.b.dao.BookDao.selectPage_mpCount       : <==      Total: 1
2022-05-09 15:37:00.682 DEBUG 3124 --- [http-nio-8080-exec-2] m.b.dao.BookDao.selectPage               : ==>  Preparing: SELECT id,type,name,description FROM book LIMIT ?
2022-05-09 15:37:00.682 DEBUG 3124 --- [http-nio-8080-exec-2] m.b.dao.BookDao.selectPage               : ==> Parameters: 10(Long)
2022-05-09 15:37:00.683 DEBUG 3124 --- [http-nio-8080-exec-2] m.b.dao.BookDao.selectPage               : <==      Total: 10
2022-05-09 15:37:04.715 DEBUG 3124 --- [http-nio-8080-exec-1] m.b.controller.BookController            : 查询，查询参数：id：null
type：
name：
description：

2022-05-09 15:37:04.716 DEBUG 3124 --- [http-nio-8080-exec-1] m.b.dao.BookDao.selectPage_mpCount       : ==>  Preparing: SELECT COUNT(*) AS total FROM book
2022-05-09 15:37:04.716 DEBUG 3124 --- [http-nio-8080-exec-1] m.b.dao.BookDao.selectPage_mpCount       : ==> Parameters: 
2022-05-09 15:37:04.718 DEBUG 3124 --- [http-nio-8080-exec-1] m.b.dao.BookDao.selectPage_mpCount       : <==      Total: 1
2022-05-09 15:37:04.718 DEBUG 3124 --- [http-nio-8080-exec-1] m.b.dao.BookDao.selectPage               : ==>  Preparing: SELECT id,type,name,description FROM book LIMIT ?,?
2022-05-09 15:37:04.718 DEBUG 3124 --- [http-nio-8080-exec-1] m.b.dao.BookDao.selectPage               : ==> Parameters: 10(Long), 10(Long)
2022-05-09 15:37:04.719 DEBUG 3124 --- [http-nio-8080-exec-1] m.b.dao.BookDao.selectPage               : <==      Total: 2
2022-05-09 15:37:06.319 DEBUG 3124 --- [http-nio-8080-exec-7] m.b.controller.BookController            : 查询，查询参数：id：null
type：
name：
description：

2022-05-09 15:37:06.320 DEBUG 3124 --- [http-nio-8080-exec-7] m.b.dao.BookDao.selectPage_mpCount       : ==>  Preparing: SELECT COUNT(*) AS total FROM book
2022-05-09 15:37:06.320 DEBUG 3124 --- [http-nio-8080-exec-7] m.b.dao.BookDao.selectPage_mpCount       : ==> Parameters: 
2022-05-09 15:37:06.322 DEBUG 3124 --- [http-nio-8080-exec-7] m.b.dao.BookDao.selectPage_mpCount       : <==      Total: 1
2022-05-09 15:37:06.322 DEBUG 3124 --- [http-nio-8080-exec-7] m.b.dao.BookDao.selectPage               : ==>  Preparing: SELECT id,type,name,description FROM book LIMIT ?
2022-05-09 15:37:06.322 DEBUG 3124 --- [http-nio-8080-exec-7] m.b.dao.BookDao.selectPage               : ==> Parameters: 10(Long)
2022-05-09 15:37:06.322 DEBUG 3124 --- [http-nio-8080-exec-7] m.b.dao.BookDao.selectPage               : <==      Total: 10
2022-05-09 15:37:24.687 DEBUG 3124 --- [http-nio-8080-exec-5] m.b.controller.BookController            : 查询，查询参数：id：null
type：
name：
description：

2022-05-09 15:37:24.688 DEBUG 3124 --- [http-nio-8080-exec-5] m.b.dao.BookDao.selectPage_mpCount       : ==>  Preparing: SELECT COUNT(*) AS total FROM book
2022-05-09 15:37:24.688 DEBUG 3124 --- [http-nio-8080-exec-5] m.b.dao.BookDao.selectPage_mpCount       : ==> Parameters: 
2022-05-09 15:37:24.689 DEBUG 3124 --- [http-nio-8080-exec-5] m.b.dao.BookDao.selectPage_mpCount       : <==      Total: 1
2022-05-09 15:37:24.690 DEBUG 3124 --- [http-nio-8080-exec-5] m.b.dao.BookDao.selectPage               : ==>  Preparing: SELECT id,type,name,description FROM book LIMIT ?,?
2022-05-09 15:37:24.690 DEBUG 3124 --- [http-nio-8080-exec-5] m.b.dao.BookDao.selectPage               : ==> Parameters: 10(Long), 10(Long)
2022-05-09 15:37:24.690 DEBUG 3124 --- [http-nio-8080-exec-5] m.b.dao.BookDao.selectPage               : <==      Total: 2
2022-05-09 15:37:29.357 DEBUG 3124 --- [http-nio-8080-exec-9] m.b.controller.BookController            : 查询，查询参数：id：null
type：
name：
description：

2022-05-09 15:37:29.357 DEBUG 3124 --- [http-nio-8080-exec-9] m.b.dao.BookDao.selectPage_mpCount       : ==>  Preparing: SELECT COUNT(*) AS total FROM book
2022-05-09 15:37:29.357 DEBUG 3124 --- [http-nio-8080-exec-9] m.b.dao.BookDao.selectPage_mpCount       : ==> Parameters: 
2022-05-09 15:37:29.359 DEBUG 3124 --- [http-nio-8080-exec-9] m.b.dao.BookDao.selectPage_mpCount       : <==      Total: 1
2022-05-09 15:37:29.359 DEBUG 3124 --- [http-nio-8080-exec-9] m.b.dao.BookDao.selectPage               : ==>  Preparing: SELECT id,type,name,description FROM book LIMIT ?
2022-05-09 15:37:29.359 DEBUG 3124 --- [http-nio-8080-exec-9] m.b.dao.BookDao.selectPage               : ==> Parameters: 10(Long)
2022-05-09 15:37:29.360 DEBUG 3124 --- [http-nio-8080-exec-9] m.b.dao.BookDao.selectPage               : <==      Total: 10
2022-05-09 15:37:40.856 DEBUG 3124 --- [http-nio-8080-exec-6] m.b.controller.BookController            : 查询，查询参数：id：null
type：
name：
description：

2022-05-09 15:37:40.858 DEBUG 3124 --- [http-nio-8080-exec-6] m.b.dao.BookDao.selectPage_mpCount       : ==>  Preparing: SELECT COUNT(*) AS total FROM book
2022-05-09 15:37:40.859 DEBUG 3124 --- [http-nio-8080-exec-6] m.b.dao.BookDao.selectPage_mpCount       : ==> Parameters: 
2022-05-09 15:37:40.860 DEBUG 3124 --- [http-nio-8080-exec-6] m.b.dao.BookDao.selectPage_mpCount       : <==      Total: 1
2022-05-09 15:37:40.860 DEBUG 3124 --- [http-nio-8080-exec-6] m.b.dao.BookDao.selectPage               : ==>  Preparing: SELECT id,type,name,description FROM book LIMIT ?,?
2022-05-09 15:37:40.860 DEBUG 3124 --- [http-nio-8080-exec-6] m.b.dao.BookDao.selectPage               : ==> Parameters: 10(Long), 10(Long)
2022-05-09 15:37:40.861 DEBUG 3124 --- [http-nio-8080-exec-6] m.b.dao.BookDao.selectPage               : <==      Total: 2
2022-05-09 15:37:48.735 DEBUG 3124 --- [http-nio-8080-exec-1] m.b.controller.BookController            : 查询，查询参数：id：null
type：
name：
description：

2022-05-09 15:37:48.736 DEBUG 3124 --- [http-nio-8080-exec-1] m.b.dao.BookDao.selectPage_mpCount       : ==>  Preparing: SELECT COUNT(*) AS total FROM book
