2022-05-09 15:07:31.414 DEBUG 3124 --- [http-nio-8080-exec-8] m.b.dao.BookDao.selectPage               : ==> Parameters: 10(Long)
2022-05-09 15:07:31.417 DEBUG 3124 --- [http-nio-8080-exec-8] m.b.dao.BookDao.selectPage               : <==      Total: 4
2022-05-09 15:08:26.695 DEBUG 3124 --- [http-nio-8080-exec-9] m.b.controller.HTMLPageController        : IP：0:0:0:0:0:0:0:1 访问静态资源books.html
2022-05-09 15:08:26.818 DEBUG 3124 --- [http-nio-8080-exec-6] m.b.controller.BookController            : 查询，查询参数：id：null
type：
name：
description：

2022-05-09 15:08:26.819 DEBUG 3124 --- [http-nio-8080-exec-6] m.b.dao.BookDao.selectPage_mpCount       : ==>  Preparing: SELECT COUNT(*) AS total FROM book
2022-05-09 15:08:26.820 DEBUG 3124 --- [http-nio-8080-exec-6] m.b.dao.BookDao.selectPage_mpCount       : ==> Parameters: 
2022-05-09 15:08:26.821 DEBUG 3124 --- [http-nio-8080-exec-6] m.b.dao.BookDao.selectPage_mpCount       : <==      Total: 1
2022-05-09 15:08:26.822 DEBUG 3124 --- [http-nio-8080-exec-6] m.b.dao.BookDao.selectPage               : ==>  Preparing: SELECT id,type,name,description FROM book LIMIT ?
2022-05-09 15:08:26.822 DEBUG 3124 --- [http-nio-8080-exec-6] m.b.dao.BookDao.selectPage               : ==> Parameters: 10(Long)
2022-05-09 15:08:26.823 DEBUG 3124 --- [http-nio-8080-exec-6] m.b.dao.BookDao.selectPage               : <==      Total: 4
2022-05-09 15:08:27.195 DEBUG 3124 --- [http-nio-8080-exec-10] m.b.controller.HTMLPageController        : IP：0:0:0:0:0:0:0:1 访问静态资源books.html
2022-05-09 15:08:27.301 DEBUG 3124 --- [http-nio-8080-exec-5] m.b.controller.BookController            : 查询，查询参数：id：null
type：
name：
description：

2022-05-09 15:08:27.303 DEBUG 3124 --- [http-nio-8080-exec-5] m.b.dao.BookDao.selectPage_mpCount       : ==>  Preparing: SELECT COUNT(*) AS total FROM book
2022-05-09 15:08:27.303 DEBUG 3124 --- [http-nio-8080-exec-5] m.b.dao.BookDao.selectPage_mpCount       : ==> Parameters: 
2022-05-09 15:08:27.305 DEBUG 3124 --- [http-nio-8080-exec-5] m.b.dao.BookDao.selectPage_mpCount       : <==      Total: 1
2022-05-09 15:08:27.305 DEBUG 3124 --- [http-nio-8080-exec-5] m.b.dao.BookDao.selectPage               : ==>  Preparing: SELECT id,type,name,description FROM book LIMIT ?
2022-05-09 15:08:27.305 DEBUG 3124 --- [http-nio-8080-exec-5] m.b.dao.BookDao.selectPage               : ==> Parameters: 10(Long)
2022-05-09 15:08:27.306 DEBUG 3124 --- [http-nio-8080-exec-5] m.b.dao.BookDao.selectPage               : <==      Total: 4
2022-05-09 15:08:27.406 DEBUG 3124 --- [http-nio-8080-exec-8] m.b.controller.HTMLPageController        : IP：0:0:0:0:0:0:0:1 访问静态资源books.html
2022-05-09 15:08:27.508 DEBUG 3124 --- [http-nio-8080-exec-4] m.b.controller.BookController            : 查询，查询参数：id：null
type：
name：
description：

2022-05-09 15:08:27.509 DEBUG 3124 --- [http-nio-8080-exec-4] m.b.dao.BookDao.selectPage_mpCount       : ==>  Preparing: SELECT COUNT(*) AS total FROM book
2022-05-09 15:08:27.509 DEBUG 3124 --- [http-nio-8080-exec-4] m.b.dao.BookDao.selectPage_mpCount       : ==> Parameters: 
2022-05-09 15:08:27.511 DEBUG 3124 --- [http-nio-8080-exec-4] m.b.dao.BookDao.selectPage_mpCount       : <==      Total: 1
2022-05-09 15:08:27.512 DEBUG 3124 --- [http-nio-8080-exec-4] m.b.dao.BookDao.selectPage               : ==>  Preparing: SELECT id,type,name,description FROM book LIMIT ?
2022-05-09 15:08:27.512 DEBUG 3124 --- [http-nio-8080-exec-4] m.b.dao.BookDao.selectPage               : ==> Parameters: 10(Long)
2022-05-09 15:08:27.513 DEBUG 3124 --- [http-nio-8080-exec-4] m.b.dao.BookDao.selectPage               : <==      Total: 4
2022-05-09 15:08:27.572 DEBUG 3124 --- [http-nio-8080-exec-6] m.b.controller.HTMLPageController        : IP：0:0:0:0:0:0:0:1 访问静态资源books.html
2022-05-09 15:08:27.696 DEBUG 3124 --- [http-nio-8080-exec-7] m.b.controller.BookController            : 查询，查询参数：id：null
type：
name：
description：

2022-05-09 15:08:27.697 DEBUG 3124 --- [http-nio-8080-exec-7] m.b.dao.BookDao.selectPage_mpCount       : ==>  Preparing: SELECT COUNT(*) AS total FROM book
2022-05-09 15:08:27.698 DEBUG 3124 --- [http-nio-8080-exec-7] m.b.dao.BookDao.selectPage_mpCount       : ==> Parameters: 
2022-05-09 15:08:27.699 DEBUG 3124 --- [http-nio-8080-exec-7] m.b.dao.BookDao.selectPage_mpCount       : <==      Total: 1
2022-05-09 15:08:27.700 DEBUG 3124 --- [http-nio-8080-exec-7] m.b.dao.BookDao.selectPage               : ==>  Preparing: SELECT id,type,name,description FROM book LIMIT ?
2022-05-09 15:08:27.700 DEBUG 3124 --- [http-nio-8080-exec-7] m.b.dao.BookDao.selectPage               : ==> Parameters: 10(Long)
2022-05-09 15:08:27.701 DEBUG 3124 --- [http-nio-8080-exec-7] m.b.dao.BookDao.selectPage               : <==      Total: 4
2022-05-09 15:08:58.881 DEBUG 3124 --- [http-nio-8080-exec-5] m.b.dao.BookDao.selectById               : ==>  Preparing: SELECT id,type,name,description FROM book WHERE id=?
2022-05-09 15:08:58.881 DEBUG 3124 --- [http-nio-8080-exec-5] m.b.dao.BookDao.selectById               : ==> Parameters: 1(Integer)
2022-05-09 15:08:58.882 DEBUG 3124 --- [http-nio-8080-exec-5] m.b.dao.BookDao.selectById               : <==      Total: 1
2022-05-09 15:08:58.901 DEBUG 3124 --- [http-nio-8080-exec-6] m.b.controller.BookController            : 查询，查询参数：id：null
type：
name：
description：

2022-05-09 15:08:58.903 DEBUG 3124 --- [http-nio-8080-exec-6] m.b.dao.BookDao.selectPage_mpCount       : ==>  Preparing: SELECT COUNT(*) AS total FROM book
2022-05-09 15:08:58.903 DEBUG 3124 --- [http-nio-8080-exec-6] m.b.dao.BookDao.selectPage_mpCount       : ==> Parameters: 
2022-05-09 15:08:58.904 DEBUG 3124 --- [http-nio-8080-exec-6] m.b.dao.BookDao.selectPage_mpCount       : <==      Total: 1
2022-05-09 15:08:58.905 DEBUG 3124 --- [http-nio-8080-exec-6] m.b.dao.BookDao.selectPage               : ==>  Preparing: SELECT id,type,name,description FROM book LIMIT ?
2022-05-09 15:08:58.905 DEBUG 3124 --- [http-nio-8080-exec-6] m.b.dao.BookDao.selectPage               : ==> Parameters: 10(Long)
2022-05-09 15:08:58.906 DEBUG 3124 --- [http-nio-8080-exec-6] m.b.dao.BookDao.selectPage               : <==      Total: 4
2022-05-09 15:09:08.579 DEBUG 3124 --- [http-nio-8080-exec-3] m.b.dao.BookDao.selectById               : ==>  Preparing: SELECT id,type,name,description FROM book WHERE id=?
2022-05-09 15:09:08.579 DEBUG 3124 --- [http-nio-8080-exec-3] m.b.dao.BookDao.selectById               : ==> Parameters: 1(Integer)
2022-05-09 15:09:08.580 DEBUG 3124 --- [http-nio-8080-exec-3] m.b.dao.BookDao.selectById               : <==      Total: 1
2022-05-09 15:09:08.593 DEBUG 3124 --- [http-nio-8080-exec-1] m.b.controller.BookController            : 查询，查询参数：id：null
type：
name：
description：

2022-05-09 15:09:08.595 DEBUG 3124 --- [http-nio-8080-exec-1] m.b.dao.BookDao.selectPage_mpCount       : ==>  Preparing: SELECT COUNT(*) AS total FROM book
2022-05-09 15:09:08.595 DEBUG 3124 --- [http-nio-8080-exec-1] m.b.dao.BookDao.selectPage_mpCount       : ==> Parameters: 
2022-05-09 15:09:08.596 DEBUG 3124 --- [http-nio-8080-exec-1] m.b.dao.BookDao.selectPage_mpCount       : <==      Total: 1
2022-05-09 15:09:08.597 DEBUG 3124 --- [http-nio-8080-exec-1] m.b.dao.BookDao.selectPage               : ==>  Preparing: SELECT id,type,name,description FROM book LIMIT ?
2022-05-09 15:09:08.597 DEBUG 3124 --- [http-nio-8080-exec-1] m.b.dao.BookDao.selectPage               : ==> Parameters: 10(Long)
2022-05-09 15:09:08.598 DEBUG 3124 --- [http-nio-8080-exec-1] m.b.dao.BookDao.selectPage               : <==      Total: 4
2022-05-09 15:09:34.548 DEBUG 3124 --- [http-nio-8080-exec-4] m.b.controller.BookController            : 查询，查询参数：id：null
type：教育类
name：
description：

2022-05-09 15:09:34.552  WARN 3124 --- [http-nio-8080-exec-4] c.b.m.c.t.support.ReflectLambdaMeta      : Unable to make field private final java.lang.Class java.lang.invoke.SerializedLambda.capturingClass accessible: module java.base does not "opens java.lang.invoke" to unnamed module @78e117e3
2022-05-09 15:09:34.558 DEBUG 3124 --- [http-nio-8080-exec-4] m.b.dao.BookDao.selectPage_mpCount       : ==>  Preparing: SELECT COUNT(*) AS total FROM book WHERE (type LIKE ?)
2022-05-09 15:09:34.559 DEBUG 3124 --- [http-nio-8080-exec-4] m.b.dao.BookDao.selectPage_mpCount       : ==> Parameters: %教育类%(String)
2022-05-09 15:09:34.560 DEBUG 3124 --- [http-nio-8080-exec-4] m.b.dao.BookDao.selectPage_mpCount       : <==      Total: 1
2022-05-09 15:09:34.560 DEBUG 3124 --- [http-nio-8080-exec-4] m.b.dao.BookDao.selectPage               : ==>  Preparing: SELECT id,type,name,description FROM book WHERE (type LIKE ?) LIMIT ?
2022-05-09 15:09:34.560 DEBUG 3124 --- [http-nio-8080-exec-4] m.b.dao.BookDao.selectPage               : ==> Parameters: %教育类%(String), 10(Long)
2022-05-09 15:09:34.561 DEBUG 3124 --- [http-nio-8080-exec-4] m.b.dao.BookDao.selectPage               : <==      Total: 2
2022-05-09 15:09:38.504 DEBUG 3124 --- [http-nio-8080-exec-5] m.b.controller.BookController            : 查询，查询参数：id：null
type：
name：
description：

2022-05-09 15:09:38.505 DEBUG 3124 --- [http-nio-8080-exec-5] m.b.dao.BookDao.selectPage_mpCount       : ==>  Preparing: SELECT COUNT(*) AS total FROM book
2022-05-09 15:09:38.505 DEBUG 3124 --- [http-nio-8080-exec-5] m.b.dao.BookDao.selectPage_mpCount       : ==> Parameters: 
2022-05-09 15:09:38.507 DEBUG 3124 --- [http-nio-8080-exec-5] m.b.dao.BookDao.selectPage_mpCount       : <==      Total: 1
2022-05-09 15:09:38.507 DEBUG 3124 --- [http-nio-8080-exec-5] m.b.dao.BookDao.selectPage               : ==>  Preparing: SELECT id,type,name,description FROM book LIMIT ?
2022-05-09 15:09:38.507 DEBUG 3124 --- [http-nio-8080-exec-5] m.b.dao.BookDao.selectPage               : ==> Parameters: 10(Long)
2022-05-09 15:09:38.508 DEBUG 3124 --- [http-nio-8080-exec-5] m.b.dao.BookDao.selectPage               : <==      Total: 4
2022-05-09 15:09:51.667 ERROR 3124 --- [http-nio-8080-exec-6] o.a.c.c.C.[.[.[/].[dispatcherServlet]    : Servlet.service() for servlet [dispatcherServlet] in context with path [] threw exception [Request processing failed; nested exception is java.lang.NullPointerException: Cannot invoke "String.equals(Object)" because the return value of "mao.book_management.entity.Book.getName()" is null] with root cause

java.lang.NullPointerException: Cannot invoke "String.equals(Object)" because the return value of "mao.book_management.entity.Book.getName()" is null
	at mao.book_management.controller.BookController.save(BookController.java:58) ~[classes/:na]
	at java.base/jdk.internal.reflect.NativeMethodAccessorImpl.invoke0(Native Method) ~[na:na]
	at java.base/jdk.internal.reflect.NativeMethodAccessorImpl.invoke(NativeMethodAccessorImpl.java:78) ~[na:na]
	at java.base/jdk.internal.reflect.DelegatingMethodAccessorImpl.invoke(DelegatingMethodAccessorImpl.java:43) ~[na:na]
	at java.base/java.lang.reflect.Method.invoke(Method.java:567) ~[na:na]
	at org.springframework.web.method.support.InvocableHandlerMethod.doInvoke(InvocableHandlerMethod.java:205) ~[spring-web-5.3.19.jar:5.3.19]
	at org.springframework.web.method.support.InvocableHandlerMethod.invokeForRequest(InvocableHandlerMethod.java:150) ~[spring-web-5.3.19.jar:5.3.19]
	at org.springframework.web.servlet.mvc.method.annotation.ServletInvocableHandlerMethod.invokeAndHandle(ServletInvocableHandlerMethod.java:117) ~[spring-webmvc-5.3.19.jar:5.3.19]
	at org.springframework.web.servlet.mvc.method.annotation.RequestMappingHandlerAdapter.invokeHandlerMethod(RequestMappingHandlerAdapter.java:895) ~[spring-webmvc-5.3.19.jar:5.3.19]
	at org.springframework.web.servlet.mvc.method.annotation.RequestMappingHandlerAdapter.handleInternal(RequestMappingHandlerAdapter.java:808) ~[spring-webmvc-5.3.19.jar:5.3.19]
	at org.springframework.web.servlet.mvc.method.AbstractHandlerMethodAdapter.handle(AbstractHandlerMethodAdapter.java:87) ~[spring-webmvc-5.3.19.jar:5.3.19]
	at org.springframework.web.servlet.DispatcherServlet.doDispatch(DispatcherServlet.java:1067) ~[spring-webmvc-5.3.19.jar:5.3.19]
	at org.springframework.web.servlet.DispatcherServlet.doService(DispatcherServlet.java:963) ~[spring-webmvc-5.3.19.jar:5.3.19]
	at org.springframework.web.servlet.FrameworkServlet.processRequest(FrameworkServlet.java:1006) ~[spring-webmvc-5.3.19.jar:5.3.19]
	at org.springframework.web.servlet.FrameworkServlet.doPost(FrameworkServlet.java:909) ~[spring-webmvc-5.3.19.jar:5.3.19]
	at javax.servlet.http.HttpServlet.service(HttpServlet.java:681) ~[tomcat-embed-core-9.0.62.jar:4.0.FR]
	at org.springframework.web.servlet.FrameworkServlet.service(FrameworkServlet.java:883) ~[spring-webmvc-5.3.19.jar:5.3.19]
	at javax.servlet.http.HttpServlet.service(HttpServlet.java:764) ~[tomcat-embed-core-9.0.62.jar:4.0.FR]
	at org.apache.catalina.core.ApplicationFilterChain.internalDoFilter(ApplicationFilterChain.java:227) ~[tomcat-embed-core-9.0.62.jar:9.0.62]
	at org.apache.catalina.core.ApplicationFilterChain.doFilter(ApplicationFilterChain.java:162) ~[tomcat-embed-core-9.0.62.jar:9.0.62]
	at org.apache.tomcat.websocket.server.WsFilter.doFilter(WsFilter.java:53) ~[tomcat-embed-websocket-9.0.62.jar:9.0.62]
	at org.apache.catalina.core.ApplicationFilterChain.internalDoFilter(ApplicationFilterChain.java:189) ~[tomcat-embed-core-9.0.62.jar:9.0.62]
	at org.apache.catalina.core.ApplicationFilterChain.doFilter(ApplicationFilterChain.java:162) ~[tomcat-embed-core-9.0.62.jar:9.0.62]
	at org.springframework.web.filter.RequestContextFilter.doFilterInternal(RequestContextFilter.java:100) ~[spring-web-5.3.19.jar:5.3.19]
	at org.springframework.web.filter.OncePerRequestFilter.doFilter(OncePerRequestFilter.java:117) ~[spring-web-5.3.19.jar:5.3.19]
	at org.apache.catalina.core.ApplicationFilterChain.internalDoFilter(ApplicationFilterChain.java:189) ~[tomcat-embed-core-9.0.62.jar:9.0.62]
	at org.apache.catalina.core.ApplicationFilterChain.doFilter(ApplicationFilterChain.java:162) ~[tomcat-embed-core-9.0.62.jar:9.0.62]
	at org.springframework.web.filter.FormContentFilter.doFilterInternal(FormContentFilter.java:93) ~[spring-web-5.3.19.jar:5.3.19]
	at org.springframework.web.filter.OncePerRequestFilter.doFilter(OncePerRequestFilter.java:117) ~[spring-web-5.3.19.jar:5.3.19]
	at org.apache.catalina.core.ApplicationFilterChain.internalDoFilter(ApplicationFilterChain.java:189) ~[tomcat-embed-core-9.0.62.jar:9.0.62]
	at org.apache.catalina.core.ApplicationFilterChain.doFilter(ApplicationFilterChain.java:162) ~[tomcat-embed-core-9.0.62.jar:9.0.62]
	at org.springframework.web.filter.CharacterEncodingFilter.doFilterInternal(CharacterEncodingFilter.java:201) ~[spring-web-5.3.19.jar:5.3.19]
	at org.springframework.web.filter.OncePerRequestFilter.doFilter(OncePerRequestFilter.java:117) ~[spring-web-5.3.19.jar:5.3.19]
	at org.apache.catalina.core.ApplicationFilterChain.internalDoFilter(ApplicationFilterChain.java:189) ~[tomcat-embed-core-9.0.62.jar:9.0.62]
	at org.apache.catalina.core.ApplicationFilterChain.doFilter(ApplicationFilterChain.java:162) ~[tomcat-embed-core-9.0.62.jar:9.0.62]
	at org.apache.catalina.core.StandardWrapperValve.invoke(StandardWrapperValve.java:197) ~[tomcat-embed-core-9.0.62.jar:9.0.62]
	at org.apache.catalina.core.StandardContextValve.invoke(StandardContextValve.java:97) ~[tomcat-embed-core-9.0.62.jar:9.0.62]
	at org.apache.catalina.authenticator.AuthenticatorBase.invoke(AuthenticatorBase.java:541) ~[tomcat-embed-core-9.0.62.jar:9.0.62]
	at org.apache.catalina.core.StandardHostValve.invoke(StandardHostValve.java:135) ~[tomcat-embed-core-9.0.62.jar:9.0.62]
	at org.apache.catalina.valves.ErrorReportValve.invoke(ErrorReportValve.java:92) ~[tomcat-embed-core-9.0.62.jar:9.0.62]
	at org.apache.catalina.core.StandardEngineValve.invoke(StandardEngineValve.java:78) ~[tomcat-embed-core-9.0.62.jar:9.0.62]
	at org.apache.catalina.connector.CoyoteAdapter.service(CoyoteAdapter.java:360) ~[tomcat-embed-core-9.0.62.jar:9.0.62]
	at org.apache.coyote.http11.Http11Processor.service(Http11Processor.java:399) ~[tomcat-embed-core-9.0.62.jar:9.0.62]
	at org.apache.coyote.AbstractProcessorLight.process(AbstractProcessorLight.java:65) ~[tomcat-embed-core-9.0.62.jar:9.0.62]
	at org.apache.coyote.AbstractProtocol$ConnectionHandler.process(AbstractProtocol.java:890) ~[tomcat-embed-core-9.0.62.jar:9.0.62]
	at org.apache.tomcat.util.net.NioEndpoint$SocketProcessor.doRun(NioEndpoint.java:1743) ~[tomcat-embed-core-9.0.62.jar:9.0.62]
	at org.apache.tomcat.util.net.SocketProcessorBase.run(SocketProcessorBase.java:49) ~[tomcat-embed-core-9.0.62.jar:9.0.62]
	at org.apache.tomcat.util.threads.ThreadPoolExecutor.runWorker(ThreadPoolExecutor.java:1191) ~[tomcat-embed-core-9.0.62.jar:9.0.62]
	at org.apache.tomcat.util.threads.ThreadPoolExecutor$Worker.run(ThreadPoolExecutor.java:659) ~[tomcat-embed-core-9.0.62.jar:9.0.62]
	at org.apache.tomcat.util.threads.TaskThread$WrappingRunnable.run(TaskThread.java:61) ~[tomcat-embed-core-9.0.62.jar:9.0.62]
	at java.base/java.lang.Thread.run(Thread.java:831) ~[na:na]

