2022-05-09 15:09:51.677 DEBUG 3124 --- [http-nio-8080-exec-3] m.b.controller.BookController            : 查询，查询参数：id：null
type：
name：
description：

2022-05-09 15:09:51.679 DEBUG 3124 --- [http-nio-8080-exec-3] m.b.dao.BookDao.selectPage_mpCount       : ==>  Preparing: SELECT COUNT(*) AS total FROM book
2022-05-09 15:09:51.679 DEBUG 3124 --- [http-nio-8080-exec-3] m.b.dao.BookDao.selectPage_mpCount       : ==> Parameters: 
2022-05-09 15:09:51.681 DEBUG 3124 --- [http-nio-8080-exec-3] m.b.dao.BookDao.selectPage_mpCount       : <==      Total: 1
2022-05-09 15:09:51.682 DEBUG 3124 --- [http-nio-8080-exec-3] m.b.dao.BookDao.selectPage               : ==>  Preparing: SELECT id,type,name,description FROM book LIMIT ?
2022-05-09 15:09:51.682 DEBUG 3124 --- [http-nio-8080-exec-3] m.b.dao.BookDao.selectPage               : ==> Parameters: 10(Long)
2022-05-09 15:09:51.684 DEBUG 3124 --- [http-nio-8080-exec-3] m.b.dao.BookDao.selectPage               : <==      Total: 4
2022-05-09 15:09:57.091 DEBUG 3124 --- [http-nio-8080-exec-1] mao.book_management.dao.BookDao.insert   : ==>  Preparing: INSERT INTO book ( type, name, description ) VALUES ( ?, ?, ? )
2022-05-09 15:09:57.092 DEBUG 3124 --- [http-nio-8080-exec-1] mao.book_management.dao.BookDao.insert   : ==> Parameters: 1(String), 1(String), 2(String)
2022-05-09 15:09:57.095 DEBUG 3124 --- [http-nio-8080-exec-1] mao.book_management.dao.BookDao.insert   : <==    Updates: 1
2022-05-09 15:09:57.110 DEBUG 3124 --- [http-nio-8080-exec-2] m.b.controller.BookController            : 查询，查询参数：id：null
type：
name：
description：

2022-05-09 15:09:57.111 DEBUG 3124 --- [http-nio-8080-exec-2] m.b.dao.BookDao.selectPage_mpCount       : ==>  Preparing: SELECT COUNT(*) AS total FROM book
2022-05-09 15:09:57.111 DEBUG 3124 --- [http-nio-8080-exec-2] m.b.dao.BookDao.selectPage_mpCount       : ==> Parameters: 
2022-05-09 15:09:57.113 DEBUG 3124 --- [http-nio-8080-exec-2] m.b.dao.BookDao.selectPage_mpCount       : <==      Total: 1
2022-05-09 15:09:57.113 DEBUG 3124 --- [http-nio-8080-exec-2] m.b.dao.BookDao.selectPage               : ==>  Preparing: SELECT id,type,name,description FROM book LIMIT ?
2022-05-09 15:09:57.114 DEBUG 3124 --- [http-nio-8080-exec-2] m.b.dao.BookDao.selectPage               : ==> Parameters: 10(Long)
2022-05-09 15:09:57.115 DEBUG 3124 --- [http-nio-8080-exec-2] m.b.dao.BookDao.selectPage               : <==      Total: 5
2022-05-09 15:10:12.591 DEBUG 3124 --- [http-nio-8080-exec-8] m.b.dao.BookDao.selectById               : ==>  Preparing: SELECT id,type,name,description FROM book WHERE id=?
2022-05-09 15:10:12.591 DEBUG 3124 --- [http-nio-8080-exec-8] m.b.dao.BookDao.selectById               : ==> Parameters: 5(Integer)
2022-05-09 15:10:12.592 DEBUG 3124 --- [http-nio-8080-exec-8] m.b.dao.BookDao.selectById               : <==      Total: 1
2022-05-09 15:10:12.606 DEBUG 3124 --- [http-nio-8080-exec-10] m.b.controller.BookController            : 查询，查询参数：id：null
type：
name：
description：

2022-05-09 15:10:12.608 DEBUG 3124 --- [http-nio-8080-exec-10] m.b.dao.BookDao.selectPage_mpCount       : ==>  Preparing: SELECT COUNT(*) AS total FROM book
2022-05-09 15:10:12.608 DEBUG 3124 --- [http-nio-8080-exec-10] m.b.dao.BookDao.selectPage_mpCount       : ==> Parameters: 
2022-05-09 15:10:12.609 DEBUG 3124 --- [http-nio-8080-exec-10] m.b.dao.BookDao.selectPage_mpCount       : <==      Total: 1
2022-05-09 15:10:12.610 DEBUG 3124 --- [http-nio-8080-exec-10] m.b.dao.BookDao.selectPage               : ==>  Preparing: SELECT id,type,name,description FROM book LIMIT ?
2022-05-09 15:10:12.610 DEBUG 3124 --- [http-nio-8080-exec-10] m.b.dao.BookDao.selectPage               : ==> Parameters: 10(Long)
2022-05-09 15:10:12.611 DEBUG 3124 --- [http-nio-8080-exec-10] m.b.dao.BookDao.selectPage               : <==      Total: 5
2022-05-09 15:10:18.106 DEBUG 3124 --- [http-nio-8080-exec-7] m.b.dao.BookDao.updateById               : ==>  Preparing: UPDATE book SET type=?, name=?, description=? WHERE id=?
2022-05-09 15:10:18.106 DEBUG 3124 --- [http-nio-8080-exec-7] m.b.dao.BookDao.updateById               : ==> Parameters: 1(String), 1(String), 2哇哇哇哇哇哇哇哇(String), 5(Integer)
2022-05-09 15:10:18.110 DEBUG 3124 --- [http-nio-8080-exec-7] m.b.dao.BookDao.updateById               : <==    Updates: 1
2022-05-09 15:10:18.121 DEBUG 3124 --- [http-nio-8080-exec-9] m.b.controller.BookController            : 查询，查询参数：id：null
type：
name：
description：

2022-05-09 15:10:18.122 DEBUG 3124 --- [http-nio-8080-exec-9] m.b.dao.BookDao.selectPage_mpCount       : ==>  Preparing: SELECT COUNT(*) AS total FROM book
2022-05-09 15:10:18.122 DEBUG 3124 --- [http-nio-8080-exec-9] m.b.dao.BookDao.selectPage_mpCount       : ==> Parameters: 
2022-05-09 15:10:18.124 DEBUG 3124 --- [http-nio-8080-exec-9] m.b.dao.BookDao.selectPage_mpCount       : <==      Total: 1
2022-05-09 15:10:18.125 DEBUG 3124 --- [http-nio-8080-exec-9] m.b.dao.BookDao.selectPage               : ==>  Preparing: SELECT id,type,name,description FROM book LIMIT ?
2022-05-09 15:10:18.125 DEBUG 3124 --- [http-nio-8080-exec-9] m.b.dao.BookDao.selectPage               : ==> Parameters: 10(Long)
2022-05-09 15:10:18.126 DEBUG 3124 --- [http-nio-8080-exec-9] m.b.dao.BookDao.selectPage               : <==      Total: 5
2022-05-09 15:10:35.323 DEBUG 3124 --- [http-nio-8080-exec-4] m.b.dao.BookDao.deleteById               : ==>  Preparing: DELETE FROM book WHERE id=?
2022-05-09 15:10:35.323 DEBUG 3124 --- [http-nio-8080-exec-4] m.b.dao.BookDao.deleteById               : ==> Parameters: 5(Integer)
2022-05-09 15:10:35.326 DEBUG 3124 --- [http-nio-8080-exec-4] m.b.dao.BookDao.deleteById               : <==    Updates: 1
2022-05-09 15:10:35.333 DEBUG 3124 --- [http-nio-8080-exec-5] m.b.controller.BookController            : 查询，查询参数：id：null
type：
name：
description：

2022-05-09 15:10:35.334 DEBUG 3124 --- [http-nio-8080-exec-5] m.b.dao.BookDao.selectPage_mpCount       : ==>  Preparing: SELECT COUNT(*) AS total FROM book
2022-05-09 15:10:35.334 DEBUG 3124 --- [http-nio-8080-exec-5] m.b.dao.BookDao.selectPage_mpCount       : ==> Parameters: 
2022-05-09 15:10:35.336 DEBUG 3124 --- [http-nio-8080-exec-5] m.b.dao.BookDao.selectPage_mpCount       : <==      Total: 1
2022-05-09 15:10:35.336 DEBUG 3124 --- [http-nio-8080-exec-5] m.b.dao.BookDao.selectPage               : ==>  Preparing: SELECT id,type,name,description FROM book LIMIT ?
2022-05-09 15:10:35.336 DEBUG 3124 --- [http-nio-8080-exec-5] m.b.dao.BookDao.selectPage               : ==> Parameters: 10(Long)
2022-05-09 15:10:35.337 DEBUG 3124 --- [http-nio-8080-exec-5] m.b.dao.BookDao.selectPage               : <==      Total: 4
2022-05-09 15:11:25.513 DEBUG 3124 --- [http-nio-8080-exec-6] m.b.controller.BookController            : 查询，查询参数：id：null
type：
name：
description：

2022-05-09 15:11:25.514 DEBUG 3124 --- [http-nio-8080-exec-6] m.b.dao.BookDao.selectPage_mpCount       : ==>  Preparing: SELECT COUNT(*) AS total FROM book
2022-05-09 15:11:25.514 DEBUG 3124 --- [http-nio-8080-exec-6] m.b.dao.BookDao.selectPage_mpCount       : ==> Parameters: 
2022-05-09 15:11:25.516 DEBUG 3124 --- [http-nio-8080-exec-6] m.b.dao.BookDao.selectPage_mpCount       : <==      Total: 1
2022-05-09 15:11:25.516 DEBUG 3124 --- [http-nio-8080-exec-6] m.b.dao.BookDao.selectPage               : ==>  Preparing: SELECT id,type,name,description FROM book LIMIT ?
2022-05-09 15:11:25.516 DEBUG 3124 --- [http-nio-8080-exec-6] m.b.dao.BookDao.selectPage               : ==> Parameters: 10(Long)
2022-05-09 15:11:25.517 DEBUG 3124 --- [http-nio-8080-exec-6] m.b.dao.BookDao.selectPage               : <==      Total: 4
2022-05-09 15:11:34.616 ERROR 3124 --- [http-nio-8080-exec-3] o.a.c.c.C.[.[.[/].[dispatcherServlet]    : Servlet.service() for servlet [dispatcherServlet] in context with path [] threw exception

java.io.IOException: null
	at mao.book_management.controller.BookController.save(BookController.java:60) ~[classes/:na]
	at java.base/jdk.internal.reflect.NativeMethodAccessorImpl.invoke0(Native Method) ~[na:na]
	at java.base/jdk.internal.reflect.NativeMethodAccessorImpl.invoke(NativeMethodAccessorImpl.java:78) ~[na:na]
	at java.base/jdk.internal.reflect.DelegatingMethodAccessorImpl.invoke(DelegatingMethodAccessorImpl.java:43) ~[na:na]
	at java.base/java.lang.reflect.Method.invoke(Method.java:567) ~[na:na]
	at org.springframework.web.method.support.InvocableHandlerMethod.doInvoke(InvocableHandlerMethod.java:205) ~[spring-web-5.3.19.jar:5.3.19]
	at org.springframework.web.method.support.InvocableHandlerMethod.invokeForRequest(InvocableHandlerMethod.java:150) ~[spring-web-5.3.19.jar:5.3.19]
	at org.springframework.web.servlet.mvc.method.annotation.ServletInvocableHandlerMethod.invokeAndHandle(ServletInvocableHandlerMethod.java:117) ~[spring-webmvc-5.3.19.jar:5.3.19]
	at org.springframework.web.servlet.mvc.method.annotation.RequestMappingHandlerAdapter.invokeHandlerMethod(RequestMappingHandlerAdapter.java:895) ~[spring-webmvc-5.3.19.jar:5.3.19]
	at org.springframework.web.servlet.mvc.method.annotation.RequestMappingHandlerAdapter.handleInternal(RequestMappingHandlerAdapter.java:808) ~[spring-webmvc-5.3.19.jar:5.3.19]
	at org.springframework.web.servlet.mvc.method.AbstractHandlerMethodAdapter.handle(AbstractHandlerMethodAdapter.java:87) ~[spring-webmvc-5.3.19.jar:5.3.19]
	at org.springframework.web.servlet.DispatcherServlet.doDispatch(DispatcherServlet.java:1067) ~[spring-webmvc-5.3.19.jar:5.3.19]
	at org.springframework.web.servlet.DispatcherServlet.doService(DispatcherServlet.java:963) ~[spring-webmvc-5.3.19.jar:5.3.19]
	at org.springframework.web.servlet.FrameworkServlet.processRequest(FrameworkServlet.java:1006) ~[spring-webmvc-5.3.19.jar:5.3.19]
	at org.springframework.web.servlet.FrameworkServlet.doPost(FrameworkServlet.java:909) ~[spring-webmvc-5.3.19.jar:5.3.19]
	at javax.servlet.http.HttpServlet.service(HttpServlet.java:681) ~[tomcat-embed-core-9.0.62.jar:4.0.FR]
	at org.springframework.web.servlet.FrameworkServlet.service(FrameworkServlet.java:883) ~[spring-webmvc-5.3.19.jar:5.3.19]
	at javax.servlet.http.HttpServlet.service(HttpServlet.java:764) ~[tomcat-embed-core-9.0.62.jar:4.0.FR]
	at org.apache.catalina.core.ApplicationFilterChain.internalDoFilter(ApplicationFilterChain.java:227) ~[tomcat-embed-core-9.0.62.jar:9.0.62]
	at org.apache.catalina.core.ApplicationFilterChain.doFilter(ApplicationFilterChain.java:162) ~[tomcat-embed-core-9.0.62.jar:9.0.62]
	at org.apache.tomcat.websocket.server.WsFilter.doFilter(WsFilter.java:53) ~[tomcat-embed-websocket-9.0.62.jar:9.0.62]
	at org.apache.catalina.core.ApplicationFilterChain.internalDoFilter(ApplicationFilterChain.java:189) ~[tomcat-embed-core-9.0.62.jar:9.0.62]
	at org.apache.catalina.core.ApplicationFilterChain.doFilter(ApplicationFilterChain.java:162) ~[tomcat-embed-core-9.0.62.jar:9.0.62]
	at org.springframework.web.filter.RequestContextFilter.doFilterInternal(RequestContextFilter.java:100) ~[spring-web-5.3.19.jar:5.3.19]
	at org.springframework.web.filter.OncePerRequestFilter.doFilter(OncePerRequestFilter.java:117) ~[spring-web-5.3.19.jar:5.3.19]
	at org.apache.catalina.core.ApplicationFilterChain.internalDoFilter(ApplicationFilterChain.java:189) ~[tomcat-embed-core-9.0.62.jar:9.0.62]
	at org.apache.catalina.core.ApplicationFilterChain.doFilter(ApplicationFilterChain.java:162) ~[tomcat-embed-core-9.0.62.jar:9.0.62]
	at org.springframework.web.filter.FormContentFilter.doFilterInternal(FormContentFilter.java:93) ~[spring-web-5.3.19.jar:5.3.19]
	at org.springframework.web.filter.OncePerRequestFilter.doFilter(OncePerRequestFilter.java:117) ~[spring-web-5.3.19.jar:5.3.19]
	at org.apache.catalina.core.ApplicationFilterChain.internalDoFilter(ApplicationFilterChain.java:189) ~[tomcat-embed-core-9.0.62.jar:9.0.62]
	at org.apache.catalina.core.ApplicationFilterChain.doFilter(ApplicationFilterChain.java:162) ~[tomcat-embed-core-9.0.62.jar:9.0.62]
	at org.springframework.web.filter.CharacterEncodingFilter.doFilterInternal(CharacterEncodingFilter.java:201) ~[spring-web-5.3.19.jar:5.3.19]
	at org.springframework.web.filter.OncePerRequestFilter.doFilter(OncePerRequestFilter.java:117) ~[spring-web-5.3.19.jar:5.3.19]
	at org.apache.catalina.core.ApplicationFilterChain.internalDoFilter(ApplicationFilterChain.java:189) ~[tomcat-embed-core-9.0.62.jar:9.0.62]
	at org.apache.catalina.core.ApplicationFilterChain.doFilter(ApplicationFilterChain.java:162) ~[tomcat-embed-core-9.0.62.jar:9.0.62]
	at org.apache.catalina.core.StandardWrapperValve.invoke(StandardWrapperValve.java:197) ~[tomcat-embed-core-9.0.62.jar:9.0.62]
	at org.apache.catalina.core.StandardContextValve.invoke(StandardContextValve.java:97) ~[tomcat-embed-core-9.0.62.jar:9.0.62]
	at org.apache.catalina.authenticator.AuthenticatorBase.invoke(AuthenticatorBase.java:541) ~[tomcat-embed-core-9.0.62.jar:9.0.62]
	at org.apache.catalina.core.StandardHostValve.invoke(StandardHostValve.java:135) ~[tomcat-embed-core-9.0.62.jar:9.0.62]
	at org.apache.catalina.valves.ErrorReportValve.invoke(ErrorReportValve.java:92) ~[tomcat-embed-core-9.0.62.jar:9.0.62]
	at org.apache.catalina.core.StandardEngineValve.invoke(StandardEngineValve.java:78) ~[tomcat-embed-core-9.0.62.jar:9.0.62]
	at org.apache.catalina.connector.CoyoteAdapter.service(CoyoteAdapter.java:360) ~[tomcat-embed-core-9.0.62.jar:9.0.62]
	at org.apache.coyote.http11.Http11Processor.service(Http11Processor.java:399) ~[tomcat-embed-core-9.0.62.jar:9.0.62]
	at org.apache.coyote.AbstractProcessorLight.process(AbstractProcessorLight.java:65) ~[tomcat-embed-core-9.0.62.jar:9.0.62]
	at org.apache.coyote.AbstractProtocol$ConnectionHandler.process(AbstractProtocol.java:890) ~[tomcat-embed-core-9.0.62.jar:9.0.62]
	at org.apache.tomcat.util.net.NioEndpoint$SocketProcessor.doRun(NioEndpoint.java:1743) ~[tomcat-embed-core-9.0.62.jar:9.0.62]
	at org.apache.tomcat.util.net.SocketProcessorBase.run(SocketProcessorBase.java:49) ~[tomcat-embed-core-9.0.62.jar:9.0.62]
	at org.apache.tomcat.util.threads.ThreadPoolExecutor.runWorker(ThreadPoolExecutor.java:1191) ~[tomcat-embed-core-9.0.62.jar:9.0.62]
	at org.apache.tomcat.util.threads.ThreadPoolExecutor$Worker.run(ThreadPoolExecutor.java:659) ~[tomcat-embed-core-9.0.62.jar:9.0.62]
	at org.apache.tomcat.util.threads.TaskThread$WrappingRunnable.run(TaskThread.java:61) ~[tomcat-embed-core-9.0.62.jar:9.0.62]
	at java.base/java.lang.Thread.run(Thread.java:831) ~[na:na]

2022-05-09 15:11:34.624 DEBUG 3124 --- [http-nio-8080-exec-1] m.b.controller.BookController            : 查询，查询参数：id：null
type：
name：
description：

2022-05-09 15:11:34.625 DEBUG 3124 --- [http-nio-8080-exec-1] m.b.dao.BookDao.selectPage_mpCount       : ==>  Preparing: SELECT COUNT(*) AS total FROM book
2022-05-09 15:11:34.625 DEBUG 3124 --- [http-nio-8080-exec-1] m.b.dao.BookDao.selectPage_mpCount       : ==> Parameters: 
2022-05-09 15:11:34.627 DEBUG 3124 --- [http-nio-8080-exec-1] m.b.dao.BookDao.selectPage_mpCount       : <==      Total: 1
2022-05-09 15:11:34.627 DEBUG 3124 --- [http-nio-8080-exec-1] m.b.dao.BookDao.selectPage               : ==>  Preparing: SELECT id,type,name,description FROM book LIMIT ?
2022-05-09 15:11:34.627 DEBUG 3124 --- [http-nio-8080-exec-1] m.b.dao.BookDao.selectPage               : ==> Parameters: 10(Long)
2022-05-09 15:11:34.628 DEBUG 3124 --- [http-nio-8080-exec-1] m.b.dao.BookDao.selectPage               : <==      Total: 4
2022-05-09 15:11:43.722 ERROR 3124 --- [http-nio-8080-exec-2] o.a.c.c.C.[.[.[/].[dispatcherServlet]    : Servlet.service() for servlet [dispatcherServlet] in context with path [] threw exception

java.io.IOException: null
	at mao.book_management.controller.BookController.save(BookController.java:60) ~[classes/:na]
	at java.base/jdk.internal.reflect.NativeMethodAccessorImpl.invoke0(Native Method) ~[na:na]
	at java.base/jdk.internal.reflect.NativeMethodAccessorImpl.invoke(NativeMethodAccessorImpl.java:78) ~[na:na]
	at java.base/jdk.internal.reflect.DelegatingMethodAccessorImpl.invoke(DelegatingMethodAccessorImpl.java:43) ~[na:na]
	at java.base/java.lang.reflect.Method.invoke(Method.java:567) ~[na:na]
	at org.springframework.web.method.support.InvocableHandlerMethod.doInvoke(InvocableHandlerMethod.java:205) ~[spring-web-5.3.19.jar:5.3.19]
	at org.springframework.web.method.support.InvocableHandlerMethod.invokeForRequest(InvocableHandlerMethod.java:150) ~[spring-web-5.3.19.jar:5.3.19]
	at org.springframework.web.servlet.mvc.method.annotation.ServletInvocableHandlerMethod.invokeAndHandle(ServletInvocableHandlerMethod.java:117) ~[spring-webmvc-5.3.19.jar:5.3.19]
	at org.springframework.web.servlet.mvc.method.annotation.RequestMappingHandlerAdapter.invokeHandlerMethod(RequestMappingHandlerAdapter.java:895) ~[spring-webmvc-5.3.19.jar:5.3.19]
	at org.springframework.web.servlet.mvc.method.annotation.RequestMappingHandlerAdapter.handleInternal(RequestMappingHandlerAdapter.java:808) ~[spring-webmvc-5.3.19.jar:5.3.19]
	at org.springframework.web.servlet.mvc.method.AbstractHandlerMethodAdapter.handle(AbstractHandlerMethodAdapter.java:87) ~[spring-webmvc-5.3.19.jar:5.3.19]
	at org.springframework.web.servlet.DispatcherServlet.doDispatch(DispatcherServlet.java:1067) ~[spring-webmvc-5.3.19.jar:5.3.19]
	at org.springframework.web.servlet.DispatcherServlet.doService(DispatcherServlet.java:963) ~[spring-webmvc-5.3.19.jar:5.3.19]
	at org.springframework.web.servlet.FrameworkServlet.processRequest(FrameworkServlet.java:1006) ~[spring-webmvc-5.3.19.jar:5.3.19]
	at org.springframework.web.servlet.FrameworkServlet.doPost(FrameworkServlet.java:909) ~[spring-webmvc-5.3.19.jar:5.3.19]
	at javax.servlet.http.HttpServlet.service(HttpServlet.java:681) ~[tomcat-embed-core-9.0.62.jar:4.0.FR]
	at org.springframework.web.servlet.FrameworkServlet.service(FrameworkServlet.java:883) ~[spring-webmvc-5.3.19.jar:5.3.19]
	at javax.servlet.http.HttpServlet.service(HttpServlet.java:764) ~[tomcat-embed-core-9.0.62.jar:4.0.FR]
	at org.apache.catalina.core.ApplicationFilterChain.internalDoFilter(ApplicationFilterChain.java:227) ~[tomcat-embed-core-9.0.62.jar:9.0.62]
	at org.apache.catalina.core.ApplicationFilterChain.doFilter(ApplicationFilterChain.java:162) ~[tomcat-embed-core-9.0.62.jar:9.0.62]
	at org.apache.tomcat.websocket.server.WsFilter.doFilter(WsFilter.java:53) ~[tomcat-embed-websocket-9.0.62.jar:9.0.62]
	at org.apache.catalina.core.ApplicationFilterChain.internalDoFilter(ApplicationFilterChain.java:189) ~[tomcat-embed-core-9.0.62.jar:9.0.62]
	at org.apache.catalina.core.ApplicationFilterChain.doFilter(ApplicationFilterChain.java:162) ~[tomcat-embed-core-9.0.62.jar:9.0.62]
	at org.springframework.web.filter.RequestContextFilter.doFilterInternal(RequestContextFilter.java:100) ~[spring-web-5.3.19.jar:5.3.19]
	at org.springframework.web.filter.OncePerRequestFilter.doFilter(OncePerRequestFilter.java:117) ~[spring-web-5.3.19.jar:5.3.19]
	at org.apache.catalina.core.ApplicationFilterChain.internalDoFilter(ApplicationFilterChain.java:189) ~[tomcat-embed-core-9.0.62.jar:9.0.62]
	at org.apache.catalina.core.ApplicationFilterChain.doFilter(ApplicationFilterChain.java:162) ~[tomcat-embed-core-9.0.62.jar:9.0.62]
	at org.springframework.web.filter.FormContentFilter.doFilterInternal(FormContentFilter.java:93) ~[spring-web-5.3.19.jar:5.3.19]
	at org.springframework.web.filter.OncePerRequestFilter.doFilter(OncePerRequestFilter.java:117) ~[spring-web-5.3.19.jar:5.3.19]
	at org.apache.catalina.core.ApplicationFilterChain.internalDoFilter(ApplicationFilterChain.java:189) ~[tomcat-embed-core-9.0.62.jar:9.0.62]
	at org.apache.catalina.core.ApplicationFilterChain.doFilter(ApplicationFilterChain.java:162) ~[tomcat-embed-core-9.0.62.jar:9.0.62]
	at org.springframework.web.filter.CharacterEncodingFilter.doFilterInternal(CharacterEncodingFilter.java:201) ~[spring-web-5.3.19.jar:5.3.19]
	at org.springframework.web.filter.OncePerRequestFilter.doFilter(OncePerRequestFilter.java:117) ~[spring-web-5.3.19.jar:5.3.19]
	at org.apache.catalina.core.ApplicationFilterChain.internalDoFilter(ApplicationFilterChain.java:189) ~[tomcat-embed-core-9.0.62.jar:9.0.62]
	at org.apache.catalina.core.ApplicationFilterChain.doFilter(ApplicationFilterChain.java:162) ~[tomcat-embed-core-9.0.62.jar:9.0.62]
	at org.apache.catalina.core.StandardWrapperValve.invoke(StandardWrapperValve.java:197) ~[tomcat-embed-core-9.0.62.jar:9.0.62]
	at org.apache.catalina.core.StandardContextValve.invoke(StandardContextValve.java:97) ~[tomcat-embed-core-9.0.62.jar:9.0.62]
	at org.apache.catalina.authenticator.AuthenticatorBase.invoke(AuthenticatorBase.java:541) ~[tomcat-embed-core-9.0.62.jar:9.0.62]
	at org.apache.catalina.core.StandardHostValve.invoke(StandardHostValve.java:135) ~[tomcat-embed-core-9.0.62.jar:9.0.62]
	at org.apache.catalina.valves.ErrorReportValve.invoke(ErrorReportValve.java:92) ~[tomcat-embed-core-9.0.62.jar:9.0.62]
	at org.apache.catalina.core.StandardEngineValve.invoke(StandardEngineValve.java:78) ~[tomcat-embed-core-9.0.62.jar:9.0.62]
	at org.apache.catalina.connector.CoyoteAdapter.service(CoyoteAdapter.java:360) ~[tomcat-embed-core-9.0.62.jar:9.0.62]
	at org.apache.coyote.http11.Http11Processor.service(Http11Processor.java:399) ~[tomcat-embed-core-9.0.62.jar:9.0.62]
	at org.apache.coyote.AbstractProcessorLight.process(AbstractProcessorLight.java:65) ~[tomcat-embed-core-9.0.62.jar:9.0.62]
	at org.apache.coyote.AbstractProtocol$ConnectionHandler.process(AbstractProtocol.java:890) ~[tomcat-embed-core-9.0.62.jar:9.0.62]
	at org.apache.tomcat.util.net.NioEndpoint$SocketProcessor.doRun(NioEndpoint.java:1743) ~[tomcat-embed-core-9.0.62.jar:9.0.62]
	at org.apache.tomcat.util.net.SocketProcessorBase.run(SocketProcessorBase.java:49) ~[tomcat-embed-core-9.0.62.jar:9.0.62]
	at org.apache.tomcat.util.threads.ThreadPoolExecutor.runWorker(ThreadPoolExecutor.java:1191) ~[tomcat-embed-core-9.0.62.jar:9.0.62]
	at org.apache.tomcat.util.threads.ThreadPoolExecutor$Worker.run(ThreadPoolExecutor.java:659) ~[tomcat-embed-core-9.0.62.jar:9.0.62]
	at org.apache.tomcat.util.threads.TaskThread$WrappingRunnable.run(TaskThread.java:61) ~[tomcat-embed-core-9.0.62.jar:9.0.62]
	at java.base/java.lang.Thread.run(Thread.java:831) ~[na:na]

2022-05-09 15:11:43.729 DEBUG 3124 --- [http-nio-8080-exec-8] m.b.controller.BookController            : 查询，查询参数：id：null
type：
name：
description：

